[ 2015-07-07T09:44:22+08:00 ] 127.0.0.1 /seinfo/
INFO: [ app_begin ] --START--
INFO: Run ReadHtmlCache Behavior [ RunTime:0.001719s ]
INFO: [ app_begin ] --END-- [ RunTime:0.001870s ]
INFO: [ view_parse ] --START--
INFO: Run ParseTemplate Behavior [ RunTime:0.088615s ]
INFO: [ view_parse ] --END-- [ RunTime:0.088749s ]
INFO: [ view_filter ] --START--
INFO: Run ContentReplace Behavior [ RunTime:0.001629s ]
INFO: Run TokenBuild Behavior [ RunTime:0.001759s ]
INFO: Run WriteHtmlCache Behavior [ RunTime:0.001372s ]
INFO: Run ShowRuntime Behavior [ RunTime:0.001461s ]
INFO: [ view_filter ] --END-- [ RunTime:0.006440s ]
INFO: [ view_end ] --START--
INFO: Run ShowPageTrace Behavior [ RunTime:0.001620s ]
INFO: [ view_end ] --END-- [ RunTime:0.001707s ]

[ 2015-07-07T10:04:37+08:00 ] 127.0.0.1 /seinfo/
INFO: [ app_begin ] --START--
INFO: Run ReadHtmlCache Behavior [ RunTime:0.001180s ]
INFO: [ app_begin ] --END-- [ RunTime:0.001293s ]
INFO: [ view_template ] --START--
INFO: Run LocationTemplate Behavior [ RunTime:0.127612s ]
INFO: [ view_template ] --END-- [ RunTime:0.127721s ]
INFO: [ view_parse ] --START--
NOTIC: [8] Undefined variable: l1 C:\appserv\www\seinfo\Home\Runtime\Cache\7e4848229090366086cc7eeb3bfc0798.php 第 17 行.
NOTIC: [8] Undefined variable: l2 C:\appserv\www\seinfo\Home\Runtime\Cache\7e4848229090366086cc7eeb3bfc0798.php 第 24 行.
NOTIC: [8] Undefined variable: l3 C:\appserv\www\seinfo\Home\Runtime\Cache\7e4848229090366086cc7eeb3bfc0798.php 第 33 行.
INFO: Run ParseTemplate Behavior [ RunTime:0.110308s ]
INFO: [ view_parse ] --END-- [ RunTime:0.110481s ]
INFO: [ view_filter ] --START--
INFO: Run ContentReplace Behavior [ RunTime:0.003085s ]
INFO: Run TokenBuild Behavior [ RunTime:0.002774s ]
INFO: Run WriteHtmlCache Behavior [ RunTime:0.002738s ]
INFO: Run ShowRuntime Behavior [ RunTime:0.003891s ]
INFO: [ view_filter ] --END-- [ RunTime:0.012948s ]
INFO: [ view_end ] --START--
INFO: Run ShowPageTrace Behavior [ RunTime:0.004205s ]
INFO: [ view_end ] --END-- [ RunTime:0.004440s ]

[ 2015-07-07T10:04:51+08:00 ] ERR: (ThinkException) 非法操作:news
[ 2015-07-07T10:06:48+08:00 ] 127.0.0.1 /seinfo/
INFO: [ app_begin ] --START--
INFO: Run ReadHtmlCache Behavior [ RunTime:0.002624s ]
INFO: [ app_begin ] --END-- [ RunTime:0.002918s ]
INFO: [ view_template ] --START--
INFO: Run LocationTemplate Behavior [ RunTime:0.005612s ]
INFO: [ view_template ] --END-- [ RunTime:0.005871s ]
INFO: [ view_parse ] --START--
NOTIC: [8] Undefined variable: l1 C:\appserv\www\seinfo\Home\Runtime\Cache\7e4848229090366086cc7eeb3bfc0798.php 第 17 行.
NOTIC: [8] Undefined variable: l2 C:\appserv\www\seinfo\Home\Runtime\Cache\7e4848229090366086cc7eeb3bfc0798.php 第 24 行.
NOTIC: [8] Undefined variable: l3 C:\appserv\www\seinfo\Home\Runtime\Cache\7e4848229090366086cc7eeb3bfc0798.php 第 33 行.
INFO: Run ParseTemplate Behavior [ RunTime:0.071034s ]
INFO: [ view_parse ] --END-- [ RunTime:0.071239s ]
INFO: [ view_filter ] --START--
INFO: Run ContentReplace Behavior [ RunTime:0.002985s ]
INFO: Run TokenBuild Behavior [ RunTime:0.003465s ]
INFO: Run WriteHtmlCache Behavior [ RunTime:0.003941s ]
INFO: Run ShowRuntime Behavior [ RunTime:0.003019s ]
INFO: [ view_filter ] --END-- [ RunTime:0.014061s ]
INFO: [ view_end ] --START--
INFO: Run ShowPageTrace Behavior [ RunTime:0.003423s ]
INFO: [ view_end ] --END-- [ RunTime:0.003578s ]

[ 2015-07-07T10:08:35+08:00 ] 127.0.0.1 /seinfo/
INFO: [ app_begin ] --START--
INFO: Run ReadHtmlCache Behavior [ RunTime:0.001292s ]
INFO: [ app_begin ] --END-- [ RunTime:0.001458s ]
INFO: [ view_template ] --START--
INFO: Run LocationTemplate Behavior [ RunTime:0.001738s ]
INFO: [ view_template ] --END-- [ RunTime:0.001830s ]
INFO: [ view_parse ] --START--
NOTIC: [8] Undefined variable: l1 C:\appserv\www\seinfo\Home\Runtime\Cache\7e4848229090366086cc7eeb3bfc0798.php 第 17 行.
NOTIC: [8] Undefined variable: l2 C:\appserv\www\seinfo\Home\Runtime\Cache\7e4848229090366086cc7eeb3bfc0798.php 第 24 行.
NOTIC: [8] Undefined variable: l3 C:\appserv\www\seinfo\Home\Runtime\Cache\7e4848229090366086cc7eeb3bfc0798.php 第 33 行.
INFO: Run ParseTemplate Behavior [ RunTime:0.030950s ]
INFO: [ view_parse ] --END-- [ RunTime:0.031044s ]
INFO: [ view_filter ] --START--
INFO: Run ContentReplace Behavior [ RunTime:0.001143s ]
INFO: Run TokenBuild Behavior [ RunTime:0.001135s ]
INFO: Run WriteHtmlCache Behavior [ RunTime:0.000968s ]
INFO: Run ShowRuntime Behavior [ RunTime:0.001579s ]
INFO: [ view_filter ] --END-- [ RunTime:0.005027s ]
INFO: [ view_end ] --START--
INFO: Run ShowPageTrace Behavior [ RunTime:0.001467s ]
INFO: [ view_end ] --END-- [ RunTime:0.001549s ]

[ 2015-07-07T10:09:58+08:00 ] 127.0.0.1 /seinfo/
INFO: [ app_begin ] --START--
INFO: Run ReadHtmlCache Behavior [ RunTime:0.001520s ]
INFO: [ app_begin ] --END-- [ RunTime:0.001661s ]
INFO: [ view_template ] --START--
INFO: Run LocationTemplate Behavior [ RunTime:0.002825s ]
INFO: [ view_template ] --END-- [ RunTime:0.002952s ]
INFO: [ view_parse ] --START--
NOTIC: [8] Undefined variable: l1 C:\appserv\www\seinfo\Home\Runtime\Cache\7e4848229090366086cc7eeb3bfc0798.php 第 17 行.
NOTIC: [8] Undefined variable: l2 C:\appserv\www\seinfo\Home\Runtime\Cache\7e4848229090366086cc7eeb3bfc0798.php 第 24 行.
NOTIC: [8] Undefined variable: l3 C:\appserv\www\seinfo\Home\Runtime\Cache\7e4848229090366086cc7eeb3bfc0798.php 第 33 行.
INFO: Run ParseTemplate Behavior [ RunTime:0.027031s ]
INFO: [ view_parse ] --END-- [ RunTime:0.027161s ]
INFO: [ view_filter ] --START--
INFO: Run ContentReplace Behavior [ RunTime:0.001873s ]
INFO: Run TokenBuild Behavior [ RunTime:0.001832s ]
INFO: Run WriteHtmlCache Behavior [ RunTime:0.001487s ]
INFO: Run ShowRuntime Behavior [ RunTime:0.001239s ]
INFO: [ view_filter ] --END-- [ RunTime:0.006696s ]
INFO: [ view_end ] --START--
INFO: Run ShowPageTrace Behavior [ RunTime:0.001414s ]
INFO: [ view_end ] --END-- [ RunTime:0.001493s ]

[ 2015-07-07T10:13:03+08:00 ] 127.0.0.1 /seinfo/
INFO: [ app_begin ] --START--
INFO: Run ReadHtmlCache Behavior [ RunTime:0.001051s ]
INFO: [ app_begin ] --END-- [ RunTime:0.001170s ]
INFO: [ view_template ] --START--
INFO: Run LocationTemplate Behavior [ RunTime:0.001325s ]
INFO: [ view_template ] --END-- [ RunTime:0.001407s ]
INFO: [ view_parse ] --START--
NOTIC: [8] Undefined variable: l1 C:\appserv\www\seinfo\Home\Runtime\Cache\7e4848229090366086cc7eeb3bfc0798.php 第 17 行.
NOTIC: [8] Undefined variable: l2 C:\appserv\www\seinfo\Home\Runtime\Cache\7e4848229090366086cc7eeb3bfc0798.php 第 24 行.
NOTIC: [8] Undefined variable: l3 C:\appserv\www\seinfo\Home\Runtime\Cache\7e4848229090366086cc7eeb3bfc0798.php 第 33 行.
INFO: Run ParseTemplate Behavior [ RunTime:0.026947s ]
INFO: [ view_parse ] --END-- [ RunTime:0.027023s ]
INFO: [ view_filter ] --START--
INFO: Run ContentReplace Behavior [ RunTime:0.001139s ]
INFO: Run TokenBuild Behavior [ RunTime:0.001115s ]
INFO: Run WriteHtmlCache Behavior [ RunTime:0.001128s ]
INFO: Run ShowRuntime Behavior [ RunTime:0.001236s ]
INFO: [ view_filter ] --END-- [ RunTime:0.004789s ]
INFO: [ view_end ] --START--
INFO: Run ShowPageTrace Behavior [ RunTime:0.001316s ]
INFO: [ view_end ] --END-- [ RunTime:0.001386s ]

[ 2015-07-07T10:13:11+08:00 ] 127.0.0.1 /seinfo/
INFO: [ app_begin ] --START--
INFO: Run ReadHtmlCache Behavior [ RunTime:0.002677s ]
INFO: [ app_begin ] --END-- [ RunTime:0.002910s ]
INFO: [ view_template ] --START--
INFO: Run LocationTemplate Behavior [ RunTime:0.004287s ]
INFO: [ view_template ] --END-- [ RunTime:0.004460s ]
INFO: [ view_parse ] --START--
NOTIC: [8] Undefined variable: l1 C:\appserv\www\seinfo\Home\Runtime\Cache\7e4848229090366086cc7eeb3bfc0798.php 第 17 行.
NOTIC: [8] Undefined variable: l2 C:\appserv\www\seinfo\Home\Runtime\Cache\7e4848229090366086cc7eeb3bfc0798.php 第 24 行.
NOTIC: [8] Undefined variable: l3 C:\appserv\www\seinfo\Home\Runtime\Cache\7e4848229090366086cc7eeb3bfc0798.php 第 33 行.
INFO: Run ParseTemplate Behavior [ RunTime:0.031703s ]
INFO: [ view_parse ] --END-- [ RunTime:0.031830s ]
INFO: [ view_filter ] --START--
INFO: Run ContentReplace Behavior [ RunTime:0.001453s ]
INFO: Run TokenBuild Behavior [ RunTime:0.001389s ]
INFO: Run WriteHtmlCache Behavior [ RunTime:0.001238s ]
INFO: Run ShowRuntime Behavior [ RunTime:0.001496s ]
INFO: [ view_filter ] --END-- [ RunTime:0.005822s ]
INFO: [ view_end ] --START--
INFO: Run ShowPageTrace Behavior [ RunTime:0.002149s ]
INFO: [ view_end ] --END-- [ RunTime:0.002262s ]

[ 2015-07-07T10:13:21+08:00 ] 127.0.0.1 /seinfo/
INFO: [ app_begin ] --START--
INFO: Run ReadHtmlCache Behavior [ RunTime:0.000778s ]
INFO: [ app_begin ] --END-- [ RunTime:0.000929s ]
INFO: [ view_template ] --START--
INFO: Run LocationTemplate Behavior [ RunTime:0.000675s ]
INFO: [ view_template ] --END-- [ RunTime:0.000784s ]
INFO: [ view_parse ] --START--
NOTIC: [8] Undefined variable: l1 C:\appserv\www\seinfo\Home\Runtime\Cache\7e4848229090366086cc7eeb3bfc0798.php 第 17 行.
NOTIC: [8] Undefined variable: l2 C:\appserv\www\seinfo\Home\Runtime\Cache\7e4848229090366086cc7eeb3bfc0798.php 第 24 行.
NOTIC: [8] Undefined variable: l3 C:\appserv\www\seinfo\Home\Runtime\Cache\7e4848229090366086cc7eeb3bfc0798.php 第 33 行.
INFO: Run ParseTemplate Behavior [ RunTime:0.059717s ]
INFO: [ view_parse ] --END-- [ RunTime:0.059802s ]
INFO: [ view_filter ] --START--
INFO: Run ContentReplace Behavior [ RunTime:0.001211s ]
INFO: Run TokenBuild Behavior [ RunTime:0.001182s ]
INFO: Run WriteHtmlCache Behavior [ RunTime:0.001812s ]
INFO: Run ShowRuntime Behavior [ RunTime:0.001162s ]
INFO: [ view_filter ] --END-- [ RunTime:0.005564s ]
INFO: [ view_end ] --START--
INFO: Run ShowPageTrace Behavior [ RunTime:0.001395s ]
INFO: [ view_end ] --END-- [ RunTime:0.001456s ]

[ 2015-07-07T10:13:25+08:00 ] 127.0.0.1 /seinfo/
INFO: [ app_begin ] --START--
INFO: Run ReadHtmlCache Behavior [ RunTime:0.001455s ]
INFO: [ app_begin ] --END-- [ RunTime:0.001600s ]
INFO: [ view_template ] --START--
INFO: Run LocationTemplate Behavior [ RunTime:0.002891s ]
INFO: [ view_template ] --END-- [ RunTime:0.003030s ]
INFO: [ view_parse ] --START--
NOTIC: [8] Undefined variable: l1 C:\appserv\www\seinfo\Home\Runtime\Cache\7e4848229090366086cc7eeb3bfc0798.php 第 17 行.
NOTIC: [8] Undefined variable: l2 C:\appserv\www\seinfo\Home\Runtime\Cache\7e4848229090366086cc7eeb3bfc0798.php 第 24 行.
NOTIC: [8] Undefined variable: l3 C:\appserv\www\seinfo\Home\Runtime\Cache\7e4848229090366086cc7eeb3bfc0798.php 第 33 行.
INFO: Run ParseTemplate Behavior [ RunTime:0.025871s ]
INFO: [ view_parse ] --END-- [ RunTime:0.025988s ]
INFO: [ view_filter ] --START--
INFO: Run ContentReplace Behavior [ RunTime:0.001786s ]
INFO: Run TokenBuild Behavior [ RunTime:0.002010s ]
INFO: Run WriteHtmlCache Behavior [ RunTime:0.001817s ]
INFO: Run ShowRuntime Behavior [ RunTime:0.001653s ]
INFO: [ view_filter ] --END-- [ RunTime:0.007582s ]
INFO: [ view_end ] --START--
INFO: Run ShowPageTrace Behavior [ RunTime:0.001348s ]
INFO: [ view_end ] --END-- [ RunTime:0.001418s ]

[ 2015-07-07T10:16:24+08:00 ] 127.0.0.1 /seinfo/
INFO: [ app_begin ] --START--
INFO: Run ReadHtmlCache Behavior [ RunTime:0.001054s ]
INFO: [ app_begin ] --END-- [ RunTime:0.001164s ]
INFO: [ view_template ] --START--
INFO: Run LocationTemplate Behavior [ RunTime:0.001964s ]
INFO: [ view_template ] --END-- [ RunTime:0.002043s ]
INFO: [ view_parse ] --START--
NOTIC: [8] Undefined variable: l1 C:\appserv\www\seinfo\Home\Runtime\Cache\7e4848229090366086cc7eeb3bfc0798.php 第 17 行.
NOTIC: [8] Undefined variable: l2 C:\appserv\www\seinfo\Home\Runtime\Cache\7e4848229090366086cc7eeb3bfc0798.php 第 24 行.
NOTIC: [8] Undefined variable: l3 C:\appserv\www\seinfo\Home\Runtime\Cache\7e4848229090366086cc7eeb3bfc0798.php 第 33 行.
INFO: Run ParseTemplate Behavior [ RunTime:0.018797s ]
INFO: [ view_parse ] --END-- [ RunTime:0.018883s ]
INFO: [ view_filter ] --START--
INFO: Run ContentReplace Behavior [ RunTime:0.001430s ]
INFO: Run TokenBuild Behavior [ RunTime:0.001068s ]
INFO: Run WriteHtmlCache Behavior [ RunTime:0.000976s ]
INFO: Run ShowRuntime Behavior [ RunTime:0.001283s ]
INFO: [ view_filter ] --END-- [ RunTime:0.004946s ]
INFO: [ view_end ] --START--
INFO: Run ShowPageTrace Behavior [ RunTime:0.001524s ]
INFO: [ view_end ] --END-- [ RunTime:0.001598s ]

[ 2015-07-07T10:16:25+08:00 ] 127.0.0.1 /seinfo/
INFO: [ app_begin ] --START--
INFO: Run ReadHtmlCache Behavior [ RunTime:0.001940s ]
INFO: [ app_begin ] --END-- [ RunTime:0.002156s ]
INFO: [ view_template ] --START--
INFO: Run LocationTemplate Behavior [ RunTime:0.004663s ]
INFO: [ view_template ] --END-- [ RunTime:0.004853s ]
INFO: [ view_parse ] --START--
NOTIC: [8] Undefined variable: l1 C:\appserv\www\seinfo\Home\Runtime\Cache\7e4848229090366086cc7eeb3bfc0798.php 第 17 行.
NOTIC: [8] Undefined variable: l2 C:\appserv\www\seinfo\Home\Runtime\Cache\7e4848229090366086cc7eeb3bfc0798.php 第 24 行.
NOTIC: [8] Undefined variable: l3 C:\appserv\www\seinfo\Home\Runtime\Cache\7e4848229090366086cc7eeb3bfc0798.php 第 33 行.
INFO: Run ParseTemplate Behavior [ RunTime:0.036699s ]
INFO: [ view_parse ] --END-- [ RunTime:0.036829s ]
INFO: [ view_filter ] --START--
INFO: Run ContentReplace Behavior [ RunTime:0.001439s ]
INFO: Run TokenBuild Behavior [ RunTime:0.001660s ]
INFO: Run WriteHtmlCache Behavior [ RunTime:0.001350s ]
INFO: Run ShowRuntime Behavior [ RunTime:0.001534s ]
INFO: [ view_filter ] --END-- [ RunTime:0.006219s ]
INFO: [ view_end ] --START--
INFO: Run ShowPageTrace Behavior [ RunTime:0.001693s ]
INFO: [ view_end ] --END-- [ RunTime:0.001778s ]

[ 2015-07-07T10:16:26+08:00 ] 127.0.0.1 /seinfo/
INFO: [ app_begin ] --START--
INFO: Run ReadHtmlCache Behavior [ RunTime:0.001105s ]
INFO: [ app_begin ] --END-- [ RunTime:0.001212s ]
INFO: [ view_template ] --START--
INFO: Run LocationTemplate Behavior [ RunTime:0.001815s ]
INFO: [ view_template ] --END-- [ RunTime:0.001915s ]
INFO: [ view_parse ] --START--
NOTIC: [8] Undefined variable: l1 C:\appserv\www\seinfo\Home\Runtime\Cache\7e4848229090366086cc7eeb3bfc0798.php 第 17 行.
NOTIC: [8] Undefined variable: l2 C:\appserv\www\seinfo\Home\Runtime\Cache\7e4848229090366086cc7eeb3bfc0798.php 第 24 行.
NOTIC: [8] Undefined variable: l3 C:\appserv\www\seinfo\Home\Runtime\Cache\7e4848229090366086cc7eeb3bfc0798.php 第 33 行.
INFO: Run ParseTemplate Behavior [ RunTime:0.019411s ]
INFO: [ view_parse ] --END-- [ RunTime:0.019495s ]
INFO: [ view_filter ] --START--
INFO: Run ContentReplace Behavior [ RunTime:0.000807s ]
INFO: Run TokenBuild Behavior [ RunTime:0.001560s ]
INFO: Run WriteHtmlCache Behavior [ RunTime:0.001042s ]
INFO: Run ShowRuntime Behavior [ RunTime:0.001163s ]
INFO: [ view_filter ] --END-- [ RunTime:0.004752s ]
INFO: [ view_end ] --START--
INFO: Run ShowPageTrace Behavior [ RunTime:0.001384s ]
INFO: [ view_end ] --END-- [ RunTime:0.001489s ]

[ 2015-07-07T10:16:26+08:00 ] 127.0.0.1 /seinfo/
INFO: [ app_begin ] --START--
INFO: Run ReadHtmlCache Behavior [ RunTime:0.001309s ]
INFO: [ app_begin ] --END-- [ RunTime:0.001496s ]
INFO: [ view_template ] --START--
INFO: Run LocationTemplate Behavior [ RunTime:0.001775s ]
INFO: [ view_template ] --END-- [ RunTime:0.001853s ]
INFO: [ view_parse ] --START--
NOTIC: [8] Undefined variable: l1 C:\appserv\www\seinfo\Home\Runtime\Cache\7e4848229090366086cc7eeb3bfc0798.php 第 17 行.
NOTIC: [8] Undefined variable: l2 C:\appserv\www\seinfo\Home\Runtime\Cache\7e4848229090366086cc7eeb3bfc0798.php 第 24 行.
NOTIC: [8] Undefined variable: l3 C:\appserv\www\seinfo\Home\Runtime\Cache\7e4848229090366086cc7eeb3bfc0798.php 第 33 行.
INFO: Run ParseTemplate Behavior [ RunTime:0.017639s ]
INFO: [ view_parse ] --END-- [ RunTime:0.017714s ]
INFO: [ view_filter ] --START--
INFO: Run ContentReplace Behavior [ RunTime:0.001210s ]
INFO: Run TokenBuild Behavior [ RunTime:0.001160s ]
INFO: Run WriteHtmlCache Behavior [ RunTime:0.001257s ]
INFO: Run ShowRuntime Behavior [ RunTime:0.001808s ]
INFO: [ view_filter ] --END-- [ RunTime:0.005693s ]
INFO: [ view_end ] --START--
INFO: Run ShowPageTrace Behavior [ RunTime:0.002737s ]
INFO: [ view_end ] --END-- [ RunTime:0.002900s ]

[ 2015-07-07T10:16:37+08:00 ] 127.0.0.1 /seinfo/
INFO: [ app_begin ] --START--
INFO: Run ReadHtmlCache Behavior [ RunTime:0.002251s ]
INFO: [ app_begin ] --END-- [ RunTime:0.002546s ]
INFO: [ view_template ] --START--
INFO: Run LocationTemplate Behavior [ RunTime:0.003442s ]
INFO: [ view_template ] --END-- [ RunTime:0.003631s ]
INFO: [ view_parse ] --START--
NOTIC: [8] Undefined variable: l1 C:\appserv\www\seinfo\Home\Runtime\Cache\7e4848229090366086cc7eeb3bfc0798.php 第 17 行.
NOTIC: [8] Undefined variable: l2 C:\appserv\www\seinfo\Home\Runtime\Cache\7e4848229090366086cc7eeb3bfc0798.php 第 24 行.
NOTIC: [8] Undefined variable: l3 C:\appserv\www\seinfo\Home\Runtime\Cache\7e4848229090366086cc7eeb3bfc0798.php 第 33 行.
INFO: Run ParseTemplate Behavior [ RunTime:0.040272s ]
INFO: [ view_parse ] --END-- [ RunTime:0.041797s ]
INFO: [ view_filter ] --START--
INFO: Run ContentReplace Behavior [ RunTime:0.001908s ]
INFO: Run TokenBuild Behavior [ RunTime:0.003059s ]
INFO: Run WriteHtmlCache Behavior [ RunTime:0.002618s ]
INFO: Run ShowRuntime Behavior [ RunTime:0.003117s ]
INFO: [ view_filter ] --END-- [ RunTime:0.011163s ]
INFO: [ view_end ] --START--
INFO: Run ShowPageTrace Behavior [ RunTime:0.002860s ]
INFO: [ view_end ] --END-- [ RunTime:0.003029s ]

[ 2015-07-07T10:19:31+08:00 ] 127.0.0.1 /seinfo/
INFO: [ app_begin ] --START--
INFO: Run ReadHtmlCache Behavior [ RunTime:0.001476s ]
INFO: [ app_begin ] --END-- [ RunTime:0.001757s ]
INFO: [ view_template ] --START--
INFO: Run LocationTemplate Behavior [ RunTime:0.002612s ]
INFO: [ view_template ] --END-- [ RunTime:0.002761s ]
INFO: [ view_parse ] --START--
NOTIC: [8] Undefined variable: l1 C:\appserv\www\seinfo\Home\Runtime\Cache\7e4848229090366086cc7eeb3bfc0798.php 第 17 行.
NOTIC: [8] Undefined variable: l2 C:\appserv\www\seinfo\Home\Runtime\Cache\7e4848229090366086cc7eeb3bfc0798.php 第 24 行.
NOTIC: [8] Undefined variable: l3 C:\appserv\www\seinfo\Home\Runtime\Cache\7e4848229090366086cc7eeb3bfc0798.php 第 33 行.
INFO: Run ParseTemplate Behavior [ RunTime:0.024614s ]
INFO: [ view_parse ] --END-- [ RunTime:0.024703s ]
INFO: [ view_filter ] --START--
INFO: Run ContentReplace Behavior [ RunTime:0.001129s ]
INFO: Run TokenBuild Behavior [ RunTime:0.001166s ]
INFO: Run WriteHtmlCache Behavior [ RunTime:0.000989s ]
INFO: Run ShowRuntime Behavior [ RunTime:0.001226s ]
INFO: [ view_filter ] --END-- [ RunTime:0.004704s ]
INFO: [ view_end ] --START--
INFO: Run ShowPageTrace Behavior [ RunTime:0.001462s ]
INFO: [ view_end ] --END-- [ RunTime:0.001535s ]

[ 2015-07-07T10:20:38+08:00 ] 127.0.0.1 /seinfo/
INFO: [ app_begin ] --START--
INFO: Run ReadHtmlCache Behavior [ RunTime:0.002335s ]
INFO: [ app_begin ] --END-- [ RunTime:0.002599s ]
INFO: [ view_template ] --START--
INFO: Run LocationTemplate Behavior [ RunTime:0.005558s ]
INFO: [ view_template ] --END-- [ RunTime:0.005768s ]
INFO: [ view_parse ] --START--
NOTIC: [8] Undefined variable: l1 C:\appserv\www\seinfo\Home\Runtime\Cache\7e4848229090366086cc7eeb3bfc0798.php 第 17 行.
NOTIC: [8] Undefined variable: l2 C:\appserv\www\seinfo\Home\Runtime\Cache\7e4848229090366086cc7eeb3bfc0798.php 第 24 行.
NOTIC: [8] Undefined variable: l3 C:\appserv\www\seinfo\Home\Runtime\Cache\7e4848229090366086cc7eeb3bfc0798.php 第 33 行.
INFO: Run ParseTemplate Behavior [ RunTime:0.031636s ]
INFO: [ view_parse ] --END-- [ RunTime:0.031776s ]
INFO: [ view_filter ] --START--
INFO: Run ContentReplace Behavior [ RunTime:0.001750s ]
INFO: Run TokenBuild Behavior [ RunTime:0.001728s ]
INFO: Run WriteHtmlCache Behavior [ RunTime:0.001986s ]
INFO: Run ShowRuntime Behavior [ RunTime:0.002919s ]
INFO: [ view_filter ] --END-- [ RunTime:0.008731s ]
INFO: [ view_end ] --START--
INFO: Run ShowPageTrace Behavior [ RunTime:0.003183s ]
INFO: [ view_end ] --END-- [ RunTime:0.003340s ]

[ 2015-07-07T10:20:39+08:00 ] 127.0.0.1 /seinfo/
INFO: [ app_begin ] --START--
INFO: Run ReadHtmlCache Behavior [ RunTime:0.001958s ]
INFO: [ app_begin ] --END-- [ RunTime:0.002142s ]
INFO: [ view_template ] --START--
INFO: Run LocationTemplate Behavior [ RunTime:0.002592s ]
INFO: [ view_template ] --END-- [ RunTime:0.002700s ]
INFO: [ view_parse ] --START--
NOTIC: [8] Undefined variable: l1 C:\appserv\www\seinfo\Home\Runtime\Cache\7e4848229090366086cc7eeb3bfc0798.php 第 17 行.
NOTIC: [8] Undefined variable: l2 C:\appserv\www\seinfo\Home\Runtime\Cache\7e4848229090366086cc7eeb3bfc0798.php 第 24 行.
NOTIC: [8] Undefined variable: l3 C:\appserv\www\seinfo\Home\Runtime\Cache\7e4848229090366086cc7eeb3bfc0798.php 第 33 行.
INFO: Run ParseTemplate Behavior [ RunTime:0.020162s ]
INFO: [ view_parse ] --END-- [ RunTime:0.020263s ]
INFO: [ view_filter ] --START--
INFO: Run ContentReplace Behavior [ RunTime:0.001604s ]
INFO: Run TokenBuild Behavior [ RunTime:0.001567s ]
INFO: Run WriteHtmlCache Behavior [ RunTime:0.001361s ]
INFO: Run ShowRuntime Behavior [ RunTime:0.001173s ]
INFO: [ view_filter ] --END-- [ RunTime:0.005920s ]
INFO: [ view_end ] --START--
INFO: Run ShowPageTrace Behavior [ RunTime:0.001203s ]
INFO: [ view_end ] --END-- [ RunTime:0.001261s ]

[ 2015-07-07T10:20:40+08:00 ] 127.0.0.1 /seinfo/
INFO: [ app_begin ] --START--
INFO: Run ReadHtmlCache Behavior [ RunTime:0.001250s ]
INFO: [ app_begin ] --END-- [ RunTime:0.001396s ]
INFO: [ view_template ] --START--
INFO: Run LocationTemplate Behavior [ RunTime:0.002406s ]
INFO: [ view_template ] --END-- [ RunTime:0.002540s ]
INFO: [ view_parse ] --START--
NOTIC: [8] Undefined variable: l1 C:\appserv\www\seinfo\Home\Runtime\Cache\7e4848229090366086cc7eeb3bfc0798.php 第 17 行.
NOTIC: [8] Undefined variable: l2 C:\appserv\www\seinfo\Home\Runtime\Cache\7e4848229090366086cc7eeb3bfc0798.php 第 24 行.
NOTIC: [8] Undefined variable: l3 C:\appserv\www\seinfo\Home\Runtime\Cache\7e4848229090366086cc7eeb3bfc0798.php 第 33 行.
INFO: Run ParseTemplate Behavior [ RunTime:0.017379s ]
INFO: [ view_parse ] --END-- [ RunTime:0.017497s ]
INFO: [ view_filter ] --START--
INFO: Run ContentReplace Behavior [ RunTime:0.001147s ]
INFO: Run TokenBuild Behavior [ RunTime:0.001198s ]
INFO: Run WriteHtmlCache Behavior [ RunTime:0.001164s ]
INFO: Run ShowRuntime Behavior [ RunTime:0.001220s ]
INFO: [ view_filter ] --END-- [ RunTime:0.004928s ]
INFO: [ view_end ] --START--
INFO: Run ShowPageTrace Behavior [ RunTime:0.001273s ]
INFO: [ view_end ] --END-- [ RunTime:0.001345s ]

[ 2015-07-07T10:20:47+08:00 ] 127.0.0.1 /seinfo/
INFO: [ app_begin ] --START--
INFO: Run ReadHtmlCache Behavior [ RunTime:0.001937s ]
INFO: [ app_begin ] --END-- [ RunTime:0.002157s ]
INFO: [ view_template ] --START--
INFO: Run LocationTemplate Behavior [ RunTime:0.005317s ]
INFO: [ view_template ] --END-- [ RunTime:0.005531s ]
INFO: [ view_parse ] --START--
NOTIC: [8] Undefined variable: l1 C:\appserv\www\seinfo\Home\Runtime\Cache\7e4848229090366086cc7eeb3bfc0798.php 第 17 行.
NOTIC: [8] Undefined variable: l2 C:\appserv\www\seinfo\Home\Runtime\Cache\7e4848229090366086cc7eeb3bfc0798.php 第 24 行.
NOTIC: [8] Undefined variable: l3 C:\appserv\www\seinfo\Home\Runtime\Cache\7e4848229090366086cc7eeb3bfc0798.php 第 33 行.
INFO: Run ParseTemplate Behavior [ RunTime:0.031957s ]
INFO: [ view_parse ] --END-- [ RunTime:0.032099s ]
INFO: [ view_filter ] --START--
INFO: Run ContentReplace Behavior [ RunTime:0.001986s ]
INFO: Run TokenBuild Behavior [ RunTime:0.001739s ]
INFO: Run WriteHtmlCache Behavior [ RunTime:0.001741s ]
INFO: Run ShowRuntime Behavior [ RunTime:0.001973s ]
INFO: [ view_filter ] --END-- [ RunTime:0.007729s ]
INFO: [ view_end ] --START--
INFO: Run ShowPageTrace Behavior [ RunTime:0.002065s ]
INFO: [ view_end ] --END-- [ RunTime:0.002163s ]

[ 2015-07-07T10:20:48+08:00 ] 127.0.0.1 /seinfo/
INFO: [ app_begin ] --START--
INFO: Run ReadHtmlCache Behavior [ RunTime:0.001785s ]
INFO: [ app_begin ] --END-- [ RunTime:0.001994s ]
INFO: [ view_template ] --START--
INFO: Run LocationTemplate Behavior [ RunTime:0.003126s ]
INFO: [ view_template ] --END-- [ RunTime:0.003269s ]
INFO: [ view_parse ] --START--
NOTIC: [8] Undefined variable: l1 C:\appserv\www\seinfo\Home\Runtime\Cache\7e4848229090366086cc7eeb3bfc0798.php 第 17 行.
NOTIC: [8] Undefined variable: l2 C:\appserv\www\seinfo\Home\Runtime\Cache\7e4848229090366086cc7eeb3bfc0798.php 第 24 行.
NOTIC: [8] Undefined variable: l3 C:\appserv\www\seinfo\Home\Runtime\Cache\7e4848229090366086cc7eeb3bfc0798.php 第 33 行.
INFO: Run ParseTemplate Behavior [ RunTime:0.019580s ]
INFO: [ view_parse ] --END-- [ RunTime:0.019725s ]
INFO: [ view_filter ] --START--
INFO: Run ContentReplace Behavior [ RunTime:0.001536s ]
INFO: Run TokenBuild Behavior [ RunTime:0.002159s ]
INFO: Run WriteHtmlCache Behavior [ RunTime:0.001294s ]
INFO: Run ShowRuntime Behavior [ RunTime:0.001467s ]
INFO: [ view_filter ] --END-- [ RunTime:0.006707s ]
INFO: [ view_end ] --START--
INFO: Run ShowPageTrace Behavior [ RunTime:0.001682s ]
INFO: [ view_end ] --END-- [ RunTime:0.001758s ]

[ 2015-07-07T10:21:23+08:00 ] 127.0.0.1 /seinfo/
INFO: [ app_begin ] --START--
INFO: Run ReadHtmlCache Behavior [ RunTime:0.001240s ]
INFO: [ app_begin ] --END-- [ RunTime:0.001402s ]
INFO: [ view_template ] --START--
INFO: Run LocationTemplate Behavior [ RunTime:0.001916s ]
INFO: [ view_template ] --END-- [ RunTime:0.002051s ]
INFO: [ view_parse ] --START--
NOTIC: [8] Undefined variable: l1 C:\appserv\www\seinfo\Home\Runtime\Cache\7e4848229090366086cc7eeb3bfc0798.php 第 17 行.
NOTIC: [8] Undefined variable: l2 C:\appserv\www\seinfo\Home\Runtime\Cache\7e4848229090366086cc7eeb3bfc0798.php 第 24 行.
NOTIC: [8] Undefined variable: l3 C:\appserv\www\seinfo\Home\Runtime\Cache\7e4848229090366086cc7eeb3bfc0798.php 第 33 行.
INFO: Run ParseTemplate Behavior [ RunTime:0.017464s ]
INFO: [ view_parse ] --END-- [ RunTime:0.017555s ]
INFO: [ view_filter ] --START--
INFO: Run ContentReplace Behavior [ RunTime:0.001162s ]
INFO: Run TokenBuild Behavior [ RunTime:0.001167s ]
INFO: Run WriteHtmlCache Behavior [ RunTime:0.001143s ]
INFO: Run ShowRuntime Behavior [ RunTime:0.001844s ]
INFO: [ view_filter ] --END-- [ RunTime:0.005588s ]
INFO: [ view_end ] --START--
INFO: Run ShowPageTrace Behavior [ RunTime:0.001363s ]
INFO: [ view_end ] --END-- [ RunTime:0.001436s ]

[ 2015-07-07T10:21:35+08:00 ] 127.0.0.1 /seinfo/
INFO: [ app_begin ] --START--
INFO: Run ReadHtmlCache Behavior [ RunTime:0.001192s ]
INFO: [ app_begin ] --END-- [ RunTime:0.001321s ]
INFO: [ view_template ] --START--
INFO: Run LocationTemplate Behavior [ RunTime:0.001768s ]
INFO: [ view_template ] --END-- [ RunTime:0.001913s ]
INFO: [ view_parse ] --START--
NOTIC: [8] Undefined variable: l1 C:\appserv\www\seinfo\Home\Runtime\Cache\7e4848229090366086cc7eeb3bfc0798.php 第 17 行.
NOTIC: [8] Undefined variable: l2 C:\appserv\www\seinfo\Home\Runtime\Cache\7e4848229090366086cc7eeb3bfc0798.php 第 24 行.
NOTIC: [8] Undefined variable: l3 C:\appserv\www\seinfo\Home\Runtime\Cache\7e4848229090366086cc7eeb3bfc0798.php 第 33 行.
INFO: Run ParseTemplate Behavior [ RunTime:0.015170s ]
INFO: [ view_parse ] --END-- [ RunTime:0.015245s ]
INFO: [ view_filter ] --START--
INFO: Run ContentReplace Behavior [ RunTime:0.000703s ]
INFO: Run TokenBuild Behavior [ RunTime:0.001174s ]
INFO: Run WriteHtmlCache Behavior [ RunTime:0.001014s ]
INFO: Run ShowRuntime Behavior [ RunTime:0.001158s ]
INFO: [ view_filter ] --END-- [ RunTime:0.004250s ]
INFO: [ view_end ] --START--
INFO: Run ShowPageTrace Behavior [ RunTime:0.000906s ]
INFO: [ view_end ] --END-- [ RunTime:0.000962s ]

[ 2015-07-07T10:21:48+08:00 ] 127.0.0.1 /seinfo/
INFO: [ app_begin ] --START--
INFO: Run ReadHtmlCache Behavior [ RunTime:0.000845s ]
INFO: [ app_begin ] --END-- [ RunTime:0.000950s ]
INFO: [ view_template ] --START--
INFO: Run LocationTemplate Behavior [ RunTime:0.001973s ]
INFO: [ view_template ] --END-- [ RunTime:0.002066s ]
INFO: [ view_parse ] --START--
NOTIC: [8] Undefined variable: l1 C:\appserv\www\seinfo\Home\Runtime\Cache\7e4848229090366086cc7eeb3bfc0798.php 第 17 行.
NOTIC: [8] Undefined variable: l2 C:\appserv\www\seinfo\Home\Runtime\Cache\7e4848229090366086cc7eeb3bfc0798.php 第 24 行.
NOTIC: [8] Undefined variable: l3 C:\appserv\www\seinfo\Home\Runtime\Cache\7e4848229090366086cc7eeb3bfc0798.php 第 33 行.
INFO: Run ParseTemplate Behavior [ RunTime:0.016702s ]
INFO: [ view_parse ] --END-- [ RunTime:0.016784s ]
INFO: [ view_filter ] --START--
INFO: Run ContentReplace Behavior [ RunTime:0.001454s ]
INFO: Run TokenBuild Behavior [ RunTime:0.001150s ]
INFO: Run WriteHtmlCache Behavior [ RunTime:0.000954s ]
INFO: Run ShowRuntime Behavior [ RunTime:0.001134s ]
INFO: [ view_filter ] --END-- [ RunTime:0.004907s ]
INFO: [ view_end ] --START--
INFO: Run ShowPageTrace Behavior [ RunTime:0.001398s ]
INFO: [ view_end ] --END-- [ RunTime:0.001457s ]

[ 2015-07-07T10:22:39+08:00 ] 127.0.0.1 /seinfo/
INFO: [ app_begin ] --START--
INFO: Run ReadHtmlCache Behavior [ RunTime:0.001516s ]
INFO: [ app_begin ] --END-- [ RunTime:0.001681s ]
INFO: [ view_template ] --START--
INFO: Run LocationTemplate Behavior [ RunTime:0.001976s ]
INFO: [ view_template ] --END-- [ RunTime:0.002064s ]
INFO: [ view_parse ] --START--
NOTIC: [8] Undefined variable: l1 C:\appserv\www\seinfo\Home\Runtime\Cache\7e4848229090366086cc7eeb3bfc0798.php 第 17 行.
NOTIC: [8] Undefined variable: l2 C:\appserv\www\seinfo\Home\Runtime\Cache\7e4848229090366086cc7eeb3bfc0798.php 第 24 行.
NOTIC: [8] Undefined variable: l3 C:\appserv\www\seinfo\Home\Runtime\Cache\7e4848229090366086cc7eeb3bfc0798.php 第 33 行.
INFO: Run ParseTemplate Behavior [ RunTime:0.018776s ]
INFO: [ view_parse ] --END-- [ RunTime:0.018863s ]
INFO: [ view_filter ] --START--
INFO: Run ContentReplace Behavior [ RunTime:0.001391s ]
INFO: Run TokenBuild Behavior [ RunTime:0.001554s ]
INFO: Run WriteHtmlCache Behavior [ RunTime:0.001375s ]
INFO: Run ShowRuntime Behavior [ RunTime:0.001389s ]
INFO: [ view_filter ] --END-- [ RunTime:0.005987s ]
INFO: [ view_end ] --START--
INFO: Run ShowPageTrace Behavior [ RunTime:0.001500s ]
INFO: [ view_end ] --END-- [ RunTime:0.001569s ]

[ 2015-07-07T10:22:49+08:00 ] 127.0.0.1 /seinfo/
INFO: [ app_begin ] --START--
INFO: Run ReadHtmlCache Behavior [ RunTime:0.001166s ]
INFO: [ app_begin ] --END-- [ RunTime:0.001283s ]
INFO: [ view_template ] --START--
INFO: Run LocationTemplate Behavior [ RunTime:0.001821s ]
INFO: [ view_template ] --END-- [ RunTime:0.001947s ]
INFO: [ view_parse ] --START--
NOTIC: [8] Undefined variable: l1 C:\appserv\www\seinfo\Home\Runtime\Cache\7e4848229090366086cc7eeb3bfc0798.php 第 17 行.
NOTIC: [8] Undefined variable: l2 C:\appserv\www\seinfo\Home\Runtime\Cache\7e4848229090366086cc7eeb3bfc0798.php 第 24 行.
NOTIC: [8] Undefined variable: l3 C:\appserv\www\seinfo\Home\Runtime\Cache\7e4848229090366086cc7eeb3bfc0798.php 第 33 行.
INFO: Run ParseTemplate Behavior [ RunTime:0.019193s ]
INFO: [ view_parse ] --END-- [ RunTime:0.019298s ]
INFO: [ view_filter ] --START--
INFO: Run ContentReplace Behavior [ RunTime:0.001096s ]
INFO: Run TokenBuild Behavior [ RunTime:0.001043s ]
INFO: Run WriteHtmlCache Behavior [ RunTime:0.000956s ]
INFO: Run ShowRuntime Behavior [ RunTime:0.001220s ]
INFO: [ view_filter ] --END-- [ RunTime:0.004483s ]
INFO: [ view_end ] --START--
INFO: Run ShowPageTrace Behavior [ RunTime:0.001483s ]
INFO: [ view_end ] --END-- [ RunTime:0.001548s ]

[ 2015-07-07T10:23:01+08:00 ] 127.0.0.1 /seinfo/
INFO: [ app_begin ] --START--
INFO: Run ReadHtmlCache Behavior [ RunTime:0.003071s ]
INFO: [ app_begin ] --END-- [ RunTime:0.003366s ]
INFO: [ view_template ] --START--
INFO: Run LocationTemplate Behavior [ RunTime:0.004385s ]
INFO: [ view_template ] --END-- [ RunTime:0.004574s ]
INFO: [ view_parse ] --START--
NOTIC: [8] Undefined variable: l1 C:\appserv\www\seinfo\Home\Runtime\Cache\7e4848229090366086cc7eeb3bfc0798.php 第 17 行.
NOTIC: [8] Undefined variable: l2 C:\appserv\www\seinfo\Home\Runtime\Cache\7e4848229090366086cc7eeb3bfc0798.php 第 24 行.
NOTIC: [8] Undefined variable: l3 C:\appserv\www\seinfo\Home\Runtime\Cache\7e4848229090366086cc7eeb3bfc0798.php 第 33 行.
INFO: Run ParseTemplate Behavior [ RunTime:0.042524s ]
INFO: [ view_parse ] --END-- [ RunTime:0.042701s ]
INFO: [ view_filter ] --START--
INFO: Run ContentReplace Behavior [ RunTime:0.003019s ]
INFO: Run TokenBuild Behavior [ RunTime:0.002869s ]
INFO: Run WriteHtmlCache Behavior [ RunTime:0.002893s ]
INFO: Run ShowRuntime Behavior [ RunTime:0.004292s ]
INFO: [ view_filter ] --END-- [ RunTime:0.013702s ]
INFO: [ view_end ] --START--
INFO: Run ShowPageTrace Behavior [ RunTime:0.003392s ]
INFO: [ view_end ] --END-- [ RunTime:0.003546s ]

[ 2015-07-07T10:25:37+08:00 ] 127.0.0.1 /seinfo/
INFO: [ app_begin ] --START--
INFO: Run ReadHtmlCache Behavior [ RunTime:0.001393s ]
INFO: [ app_begin ] --END-- [ RunTime:0.001531s ]
INFO: [ view_template ] --START--
INFO: Run LocationTemplate Behavior [ RunTime:0.001813s ]
INFO: [ view_template ] --END-- [ RunTime:0.001923s ]
INFO: [ view_parse ] --START--
NOTIC: [8] Undefined variable: l1 C:\appserv\www\seinfo\Home\Runtime\Cache\7e4848229090366086cc7eeb3bfc0798.php 第 17 行.
NOTIC: [8] Undefined variable: l2 C:\appserv\www\seinfo\Home\Runtime\Cache\7e4848229090366086cc7eeb3bfc0798.php 第 24 行.
NOTIC: [8] Undefined variable: l3 C:\appserv\www\seinfo\Home\Runtime\Cache\7e4848229090366086cc7eeb3bfc0798.php 第 33 行.
INFO: Run ParseTemplate Behavior [ RunTime:0.020873s ]
INFO: [ view_parse ] --END-- [ RunTime:0.021045s ]
INFO: [ view_filter ] --START--
INFO: Run ContentReplace Behavior [ RunTime:0.001220s ]
INFO: Run TokenBuild Behavior [ RunTime:0.001153s ]
INFO: Run WriteHtmlCache Behavior [ RunTime:0.001008s ]
INFO: Run ShowRuntime Behavior [ RunTime:0.001248s ]
INFO: [ view_filter ] --END-- [ RunTime:0.004829s ]
INFO: [ view_end ] --START--
INFO: Run ShowPageTrace Behavior [ RunTime:0.001374s ]
INFO: [ view_end ] --END-- [ RunTime:0.001442s ]

[ 2015-07-07T10:35:10+08:00 ] 127.0.0.1 /seinfo/
INFO: [ app_begin ] --START--
INFO: Run ReadHtmlCache Behavior [ RunTime:0.001953s ]
INFO: [ app_begin ] --END-- [ RunTime:0.002089s ]
INFO: [ view_template ] --START--
INFO: Run LocationTemplate Behavior [ RunTime:0.001971s ]
INFO: [ view_template ] --END-- [ RunTime:0.002090s ]
INFO: [ view_parse ] --START--
NOTIC: [8] Undefined variable: l1 C:\appserv\www\seinfo\Home\Runtime\Cache\7e4848229090366086cc7eeb3bfc0798.php 第 17 行.
NOTIC: [8] Undefined variable: l2 C:\appserv\www\seinfo\Home\Runtime\Cache\7e4848229090366086cc7eeb3bfc0798.php 第 24 行.
NOTIC: [8] Undefined variable: l3 C:\appserv\www\seinfo\Home\Runtime\Cache\7e4848229090366086cc7eeb3bfc0798.php 第 33 行.
INFO: Run ParseTemplate Behavior [ RunTime:0.270042s ]
INFO: [ view_parse ] --END-- [ RunTime:0.270130s ]
INFO: [ view_filter ] --START--
INFO: Run ContentReplace Behavior [ RunTime:0.001089s ]
INFO: Run TokenBuild Behavior [ RunTime:0.001196s ]
INFO: Run WriteHtmlCache Behavior [ RunTime:0.001435s ]
INFO: Run ShowRuntime Behavior [ RunTime:0.001145s ]
INFO: [ view_filter ] --END-- [ RunTime:0.005037s ]
INFO: [ view_end ] --START--
INFO: Run ShowPageTrace Behavior [ RunTime:0.001233s ]
INFO: [ view_end ] --END-- [ RunTime:0.001291s ]

[ 2015-07-07T10:35:14+08:00 ] 127.0.0.1 /seinfo/
INFO: [ app_begin ] --START--
INFO: Run ReadHtmlCache Behavior [ RunTime:0.003224s ]
INFO: [ app_begin ] --END-- [ RunTime:0.003578s ]
INFO: [ view_template ] --START--
INFO: Run LocationTemplate Behavior [ RunTime:0.004856s ]
INFO: [ view_template ] --END-- [ RunTime:0.005112s ]
INFO: [ view_parse ] --START--
NOTIC: [8] Undefined variable: l1 C:\appserv\www\seinfo\Home\Runtime\Cache\7e4848229090366086cc7eeb3bfc0798.php 第 17 行.
NOTIC: [8] Undefined variable: l2 C:\appserv\www\seinfo\Home\Runtime\Cache\7e4848229090366086cc7eeb3bfc0798.php 第 24 行.
NOTIC: [8] Undefined variable: l3 C:\appserv\www\seinfo\Home\Runtime\Cache\7e4848229090366086cc7eeb3bfc0798.php 第 33 行.
INFO: Run ParseTemplate Behavior [ RunTime:0.041734s ]
INFO: [ view_parse ] --END-- [ RunTime:0.041978s ]
INFO: [ view_filter ] --START--
INFO: Run ContentReplace Behavior [ RunTime:0.003818s ]
INFO: Run TokenBuild Behavior [ RunTime:0.002940s ]
INFO: Run WriteHtmlCache Behavior [ RunTime:0.002717s ]
INFO: Run ShowRuntime Behavior [ RunTime:0.003285s ]
INFO: [ view_filter ] --END-- [ RunTime:0.013272s ]
INFO: [ view_end ] --START--
INFO: Run ShowPageTrace Behavior [ RunTime:0.003477s ]
INFO: [ view_end ] --END-- [ RunTime:0.003682s ]

[ 2015-07-07T10:35:16+08:00 ] 127.0.0.1 /seinfo/
INFO: [ app_begin ] --START--
INFO: Run ReadHtmlCache Behavior [ RunTime:0.003140s ]
INFO: [ app_begin ] --END-- [ RunTime:0.003364s ]
INFO: [ view_template ] --START--
INFO: Run LocationTemplate Behavior [ RunTime:0.000971s ]
INFO: [ view_template ] --END-- [ RunTime:0.001134s ]
INFO: [ view_parse ] --START--
NOTIC: [8] Undefined variable: l1 C:\appserv\www\seinfo\Home\Runtime\Cache\7e4848229090366086cc7eeb3bfc0798.php 第 17 行.
NOTIC: [8] Undefined variable: l2 C:\appserv\www\seinfo\Home\Runtime\Cache\7e4848229090366086cc7eeb3bfc0798.php 第 24 行.
NOTIC: [8] Undefined variable: l3 C:\appserv\www\seinfo\Home\Runtime\Cache\7e4848229090366086cc7eeb3bfc0798.php 第 33 行.
INFO: Run ParseTemplate Behavior [ RunTime:0.026636s ]
INFO: [ view_parse ] --END-- [ RunTime:0.026786s ]
INFO: [ view_filter ] --START--
INFO: Run ContentReplace Behavior [ RunTime:0.001728s ]
INFO: Run TokenBuild Behavior [ RunTime:0.001659s ]
INFO: Run WriteHtmlCache Behavior [ RunTime:0.001511s ]
INFO: Run ShowRuntime Behavior [ RunTime:0.001770s ]
INFO: [ view_filter ] --END-- [ RunTime:0.006925s ]
INFO: [ view_end ] --START--
INFO: Run ShowPageTrace Behavior [ RunTime:0.001887s ]
INFO: [ view_end ] --END-- [ RunTime:0.001963s ]

[ 2015-07-07T10:35:17+08:00 ] 127.0.0.1 /seinfo/
INFO: [ app_begin ] --START--
INFO: Run ReadHtmlCache Behavior [ RunTime:0.001380s ]
INFO: [ app_begin ] --END-- [ RunTime:0.001555s ]
INFO: [ view_template ] --START--
INFO: Run LocationTemplate Behavior [ RunTime:0.003191s ]
INFO: [ view_template ] --END-- [ RunTime:0.003322s ]
INFO: [ view_parse ] --START--
NOTIC: [8] Undefined variable: l1 C:\appserv\www\seinfo\Home\Runtime\Cache\7e4848229090366086cc7eeb3bfc0798.php 第 17 行.
NOTIC: [8] Undefined variable: l2 C:\appserv\www\seinfo\Home\Runtime\Cache\7e4848229090366086cc7eeb3bfc0798.php 第 24 行.
NOTIC: [8] Undefined variable: l3 C:\appserv\www\seinfo\Home\Runtime\Cache\7e4848229090366086cc7eeb3bfc0798.php 第 33 行.
INFO: Run ParseTemplate Behavior [ RunTime:0.023356s ]
INFO: [ view_parse ] --END-- [ RunTime:0.023453s ]
INFO: [ view_filter ] --START--
INFO: Run ContentReplace Behavior [ RunTime:0.001138s ]
INFO: Run TokenBuild Behavior [ RunTime:0.001108s ]
INFO: Run WriteHtmlCache Behavior [ RunTime:0.001011s ]
INFO: Run ShowRuntime Behavior [ RunTime:0.001136s ]
INFO: [ view_filter ] --END-- [ RunTime:0.004561s ]
INFO: [ view_end ] --START--
INFO: Run ShowPageTrace Behavior [ RunTime:0.001579s ]
INFO: [ view_end ] --END-- [ RunTime:0.001665s ]

[ 2015-07-07T10:35:18+08:00 ] 127.0.0.1 /seinfo/
INFO: [ app_begin ] --START--
INFO: Run ReadHtmlCache Behavior [ RunTime:0.001495s ]
INFO: [ app_begin ] --END-- [ RunTime:0.001621s ]
INFO: [ view_template ] --START--
INFO: Run LocationTemplate Behavior [ RunTime:0.000490s ]
INFO: [ view_template ] --END-- [ RunTime:0.000572s ]
INFO: [ view_parse ] --START--
NOTIC: [8] Undefined variable: l1 C:\appserv\www\seinfo\Home\Runtime\Cache\7e4848229090366086cc7eeb3bfc0798.php 第 17 行.
NOTIC: [8] Undefined variable: l2 C:\appserv\www\seinfo\Home\Runtime\Cache\7e4848229090366086cc7eeb3bfc0798.php 第 24 行.
NOTIC: [8] Undefined variable: l3 C:\appserv\www\seinfo\Home\Runtime\Cache\7e4848229090366086cc7eeb3bfc0798.php 第 33 行.
INFO: Run ParseTemplate Behavior [ RunTime:0.021992s ]
INFO: [ view_parse ] --END-- [ RunTime:0.022086s ]
INFO: [ view_filter ] --START--
INFO: Run ContentReplace Behavior [ RunTime:0.001438s ]
INFO: Run TokenBuild Behavior [ RunTime:0.001413s ]
INFO: Run WriteHtmlCache Behavior [ RunTime:0.001202s ]
INFO: Run ShowRuntime Behavior [ RunTime:0.001183s ]
INFO: [ view_filter ] --END-- [ RunTime:0.005445s ]
INFO: [ view_end ] --START--
INFO: Run ShowPageTrace Behavior [ RunTime:0.001249s ]
INFO: [ view_end ] --END-- [ RunTime:0.001485s ]

[ 2015-07-07T10:35:26+08:00 ] 127.0.0.1 /seinfo/
INFO: [ app_begin ] --START--
INFO: Run ReadHtmlCache Behavior [ RunTime:0.001139s ]
INFO: [ app_begin ] --END-- [ RunTime:0.001252s ]
INFO: [ view_template ] --START--
INFO: Run LocationTemplate Behavior [ RunTime:0.000430s ]
INFO: [ view_template ] --END-- [ RunTime:0.000513s ]
INFO: [ view_parse ] --START--
NOTIC: [8] Undefined variable: l1 C:\appserv\www\seinfo\Home\Runtime\Cache\7e4848229090366086cc7eeb3bfc0798.php 第 17 行.
NOTIC: [8] Undefined variable: l2 C:\appserv\www\seinfo\Home\Runtime\Cache\7e4848229090366086cc7eeb3bfc0798.php 第 24 行.
NOTIC: [8] Undefined variable: l3 C:\appserv\www\seinfo\Home\Runtime\Cache\7e4848229090366086cc7eeb3bfc0798.php 第 33 行.
INFO: Run ParseTemplate Behavior [ RunTime:0.016338s ]
INFO: [ view_parse ] --END-- [ RunTime:0.016411s ]
INFO: [ view_filter ] --START--
INFO: Run ContentReplace Behavior [ RunTime:0.001704s ]
INFO: Run TokenBuild Behavior [ RunTime:0.001339s ]
INFO: Run WriteHtmlCache Behavior [ RunTime:0.000993s ]
INFO: Run ShowRuntime Behavior [ RunTime:0.001112s ]
INFO: [ view_filter ] --END-- [ RunTime:0.005350s ]
INFO: [ view_end ] --START--
INFO: Run ShowPageTrace Behavior [ RunTime:0.001683s ]
INFO: [ view_end ] --END-- [ RunTime:0.001787s ]

[ 2015-07-07T10:35:43+08:00 ] 127.0.0.1 /seinfo/
INFO: [ app_begin ] --START--
INFO: Run ReadHtmlCache Behavior [ RunTime:0.001803s ]
INFO: [ app_begin ] --END-- [ RunTime:0.002012s ]
INFO: [ view_template ] --START--
INFO: Run LocationTemplate Behavior [ RunTime:0.006087s ]
INFO: [ view_template ] --END-- [ RunTime:0.006329s ]
INFO: [ view_parse ] --START--
NOTIC: [8] Undefined variable: l1 C:\appserv\www\seinfo\Home\Runtime\Cache\7e4848229090366086cc7eeb3bfc0798.php 第 17 行.
NOTIC: [8] Undefined variable: l2 C:\appserv\www\seinfo\Home\Runtime\Cache\7e4848229090366086cc7eeb3bfc0798.php 第 24 行.
NOTIC: [8] Undefined variable: l3 C:\appserv\www\seinfo\Home\Runtime\Cache\7e4848229090366086cc7eeb3bfc0798.php 第 33 行.
INFO: Run ParseTemplate Behavior [ RunTime:0.064354s ]
INFO: [ view_parse ] --END-- [ RunTime:0.064502s ]
INFO: [ view_filter ] --START--
INFO: Run ContentReplace Behavior [ RunTime:0.001992s ]
INFO: Run TokenBuild Behavior [ RunTime:0.001851s ]
INFO: Run WriteHtmlCache Behavior [ RunTime:0.001661s ]
INFO: Run ShowRuntime Behavior [ RunTime:0.002150s ]
INFO: [ view_filter ] --END-- [ RunTime:0.007947s ]
INFO: [ view_end ] --START--
INFO: Run ShowPageTrace Behavior [ RunTime:0.002187s ]
INFO: [ view_end ] --END-- [ RunTime:0.002293s ]

[ 2015-07-07T10:35:44+08:00 ] 127.0.0.1 /seinfo/
INFO: [ app_begin ] --START--
INFO: Run ReadHtmlCache Behavior [ RunTime:0.000992s ]
INFO: [ app_begin ] --END-- [ RunTime:0.001116s ]
INFO: [ view_template ] --START--
INFO: Run LocationTemplate Behavior [ RunTime:0.002507s ]
INFO: [ view_template ] --END-- [ RunTime:0.002622s ]
INFO: [ view_parse ] --START--
NOTIC: [8] Undefined variable: l1 C:\appserv\www\seinfo\Home\Runtime\Cache\7e4848229090366086cc7eeb3bfc0798.php 第 17 行.
NOTIC: [8] Undefined variable: l2 C:\appserv\www\seinfo\Home\Runtime\Cache\7e4848229090366086cc7eeb3bfc0798.php 第 24 行.
NOTIC: [8] Undefined variable: l3 C:\appserv\www\seinfo\Home\Runtime\Cache\7e4848229090366086cc7eeb3bfc0798.php 第 33 行.
INFO: Run ParseTemplate Behavior [ RunTime:0.019545s ]
INFO: [ view_parse ] --END-- [ RunTime:0.019632s ]
INFO: [ view_filter ] --START--
INFO: Run ContentReplace Behavior [ RunTime:0.001255s ]
INFO: Run TokenBuild Behavior [ RunTime:0.001169s ]
INFO: Run WriteHtmlCache Behavior [ RunTime:0.001124s ]
INFO: Run ShowRuntime Behavior [ RunTime:0.001258s ]
INFO: [ view_filter ] --END-- [ RunTime:0.005039s ]
INFO: [ view_end ] --START--
INFO: Run ShowPageTrace Behavior [ RunTime:0.001322s ]
INFO: [ view_end ] --END-- [ RunTime:0.001405s ]

[ 2015-07-07T10:35:54+08:00 ] 127.0.0.1 /seinfo/
INFO: [ app_begin ] --START--
INFO: Run ReadHtmlCache Behavior [ RunTime:0.001806s ]
INFO: [ app_begin ] --END-- [ RunTime:0.001939s ]
INFO: [ view_template ] --START--
INFO: Run LocationTemplate Behavior [ RunTime:0.000557s ]
INFO: [ view_template ] --END-- [ RunTime:0.000651s ]
INFO: [ view_parse ] --START--
NOTIC: [8] Undefined variable: l1 C:\appserv\www\seinfo\Home\Runtime\Cache\7e4848229090366086cc7eeb3bfc0798.php 第 17 行.
NOTIC: [8] Undefined variable: l2 C:\appserv\www\seinfo\Home\Runtime\Cache\7e4848229090366086cc7eeb3bfc0798.php 第 24 行.
NOTIC: [8] Undefined variable: l3 C:\appserv\www\seinfo\Home\Runtime\Cache\7e4848229090366086cc7eeb3bfc0798.php 第 33 行.
INFO: Run ParseTemplate Behavior [ RunTime:0.022187s ]
INFO: [ view_parse ] --END-- [ RunTime:0.022273s ]
INFO: [ view_filter ] --START--
INFO: Run ContentReplace Behavior [ RunTime:0.001092s ]
INFO: Run TokenBuild Behavior [ RunTime:0.001040s ]
INFO: Run WriteHtmlCache Behavior [ RunTime:0.000958s ]
INFO: Run ShowRuntime Behavior [ RunTime:0.001123s ]
INFO: [ view_filter ] --END-- [ RunTime:0.004384s ]
INFO: [ view_end ] --START--
INFO: Run ShowPageTrace Behavior [ RunTime:0.001286s ]
INFO: [ view_end ] --END-- [ RunTime:0.001347s ]

[ 2015-07-07T10:36:15+08:00 ] 127.0.0.1 /seinfo/index.php/Index/news
INFO: [ route_check ] --START--
INFO: Run CheckRoute Behavior [ RunTime:0.117179s ]
INFO: [ route_check ] --END-- [ RunTime:0.117459s ]
INFO: [ app_begin ] --START--
INFO: Run ReadHtmlCache Behavior [ RunTime:0.002421s ]
INFO: [ app_begin ] --END-- [ RunTime:0.002640s ]

[ 2015-07-07T10:36:25+08:00 ] 127.0.0.1 /seinfo/
INFO: [ app_begin ] --START--
INFO: Run ReadHtmlCache Behavior [ RunTime:0.001372s ]
INFO: [ app_begin ] --END-- [ RunTime:0.001480s ]
INFO: [ view_template ] --START--
INFO: Run LocationTemplate Behavior [ RunTime:0.000449s ]
INFO: [ view_template ] --END-- [ RunTime:0.000525s ]
INFO: [ view_parse ] --START--
NOTIC: [8] Undefined variable: l1 C:\appserv\www\seinfo\Home\Runtime\Cache\7e4848229090366086cc7eeb3bfc0798.php 第 17 行.
NOTIC: [8] Undefined variable: l2 C:\appserv\www\seinfo\Home\Runtime\Cache\7e4848229090366086cc7eeb3bfc0798.php 第 24 行.
NOTIC: [8] Undefined variable: l3 C:\appserv\www\seinfo\Home\Runtime\Cache\7e4848229090366086cc7eeb3bfc0798.php 第 33 行.
INFO: Run ParseTemplate Behavior [ RunTime:0.018449s ]
INFO: [ view_parse ] --END-- [ RunTime:0.018532s ]
INFO: [ view_filter ] --START--
INFO: Run ContentReplace Behavior [ RunTime:0.001224s ]
INFO: Run TokenBuild Behavior [ RunTime:0.001132s ]
INFO: Run WriteHtmlCache Behavior [ RunTime:0.000987s ]
INFO: Run ShowRuntime Behavior [ RunTime:0.001144s ]
INFO: [ view_filter ] --END-- [ RunTime:0.004655s ]
INFO: [ view_end ] --START--
INFO: Run ShowPageTrace Behavior [ RunTime:0.001343s ]
INFO: [ view_end ] --END-- [ RunTime:0.001432s ]

[ 2015-07-07T10:39:49+08:00 ] 127.0.0.1 /seinfo/
INFO: [ app_begin ] --START--
INFO: Run ReadHtmlCache Behavior [ RunTime:0.001900s ]
INFO: [ app_begin ] --END-- [ RunTime:0.002025s ]
INFO: [ view_template ] --START--
INFO: Run LocationTemplate Behavior [ RunTime:0.001488s ]
INFO: [ view_template ] --END-- [ RunTime:0.001605s ]
INFO: [ view_parse ] --START--
NOTIC: [8] Undefined variable: l1 C:\appserv\www\seinfo\Home\Runtime\Cache\7e4848229090366086cc7eeb3bfc0798.php 第 17 行.
NOTIC: [8] Undefined variable: l2 C:\appserv\www\seinfo\Home\Runtime\Cache\7e4848229090366086cc7eeb3bfc0798.php 第 24 行.
NOTIC: [8] Undefined variable: l3 C:\appserv\www\seinfo\Home\Runtime\Cache\7e4848229090366086cc7eeb3bfc0798.php 第 33 行.
INFO: Run ParseTemplate Behavior [ RunTime:0.029259s ]
INFO: [ view_parse ] --END-- [ RunTime:0.029341s ]
INFO: [ view_filter ] --START--
INFO: Run ContentReplace Behavior [ RunTime:0.001210s ]
INFO: Run TokenBuild Behavior [ RunTime:0.001053s ]
INFO: Run WriteHtmlCache Behavior [ RunTime:0.001210s ]
INFO: Run ShowRuntime Behavior [ RunTime:0.001250s ]
INFO: [ view_filter ] --END-- [ RunTime:0.004944s ]
INFO: [ view_end ] --START--
INFO: Run ShowPageTrace Behavior [ RunTime:0.001234s ]
INFO: [ view_end ] --END-- [ RunTime:0.001335s ]

[ 2015-07-07T10:41:14+08:00 ] 127.0.0.1 /seinfo/
INFO: [ app_begin ] --START--
INFO: Run ReadHtmlCache Behavior [ RunTime:0.002574s ]
INFO: [ app_begin ] --END-- [ RunTime:0.002899s ]
INFO: [ view_template ] --START--
INFO: Run LocationTemplate Behavior [ RunTime:0.001797s ]
INFO: [ view_template ] --END-- [ RunTime:0.001899s ]
INFO: [ view_parse ] --START--
NOTIC: [8] Undefined variable: l1 C:\appserv\www\seinfo\Home\Runtime\Cache\7e4848229090366086cc7eeb3bfc0798.php 第 17 行.
NOTIC: [8] Undefined variable: l2 C:\appserv\www\seinfo\Home\Runtime\Cache\7e4848229090366086cc7eeb3bfc0798.php 第 24 行.
NOTIC: [8] Undefined variable: l3 C:\appserv\www\seinfo\Home\Runtime\Cache\7e4848229090366086cc7eeb3bfc0798.php 第 33 行.
NOTIC: [8] Undefined variable: l2 C:\appserv\www\seinfo\Home\Runtime\Cache\7e4848229090366086cc7eeb3bfc0798.php 第 40 行.
INFO: Run ParseTemplate Behavior [ RunTime:0.035118s ]
INFO: [ view_parse ] --END-- [ RunTime:0.035211s ]
INFO: [ view_filter ] --START--
INFO: Run ContentReplace Behavior [ RunTime:0.001425s ]
INFO: Run TokenBuild Behavior [ RunTime:0.001522s ]
INFO: Run WriteHtmlCache Behavior [ RunTime:0.001293s ]
INFO: Run ShowRuntime Behavior [ RunTime:0.001443s ]
INFO: [ view_filter ] --END-- [ RunTime:0.005904s ]
INFO: [ view_end ] --START--
INFO: Run ShowPageTrace Behavior [ RunTime:0.001663s ]
INFO: [ view_end ] --END-- [ RunTime:0.001738s ]

[ 2015-07-07T11:12:26+08:00 ] 127.0.0.1 /seinfo/index.php/Login/login
INFO: [ route_check ] --START--
INFO: Run CheckRoute Behavior [ RunTime:0.002466s ]
INFO: [ route_check ] --END-- [ RunTime:0.003031s ]
INFO: [ app_begin ] --START--
INFO: Run ReadHtmlCache Behavior [ RunTime:0.001018s ]
INFO: [ app_begin ] --END-- [ RunTime:0.001100s ]
INFO: [ view_template ] --START--
INFO: Run LocationTemplate Behavior [ RunTime:0.001720s ]
INFO: [ view_template ] --END-- [ RunTime:0.001784s ]
INFO: [ view_parse ] --START--
NOTIC: [2] include(public/include/navbar.php) [<a href='function.include'>function.include</a>]: failed to open stream: No such file or directory C:\appserv\www\seinfo\Home\Runtime\Cache\f0141568474d93d9ce184ea430bd6b17.php 第 48 行.
NOTIC: [2] include() [<a href='function.include'>function.include</a>]: Failed opening 'public/include/navbar.php' for inclusion (include_path='.;C:\php5\pear;C:\appserv\www\seinfo\ThinkPHP/Extend/Vendor/') C:\appserv\www\seinfo\Home\Runtime\Cache\f0141568474d93d9ce184ea430bd6b17.php 第 48 行.
NOTIC: [8] Undefined variable: u C:\appserv\www\seinfo\Home\Runtime\Cache\f0141568474d93d9ce184ea430bd6b17.php 第 57 行.
NOTIC: [8] Undefined variable: p C:\appserv\www\seinfo\Home\Runtime\Cache\f0141568474d93d9ce184ea430bd6b17.php 第 59 行.
INFO: Run ParseTemplate Behavior [ RunTime:0.018029s ]
INFO: [ view_parse ] --END-- [ RunTime:0.018111s ]
INFO: [ view_filter ] --START--
INFO: Run ContentReplace Behavior [ RunTime:0.001119s ]
INFO: Run TokenBuild Behavior [ RunTime:0.001222s ]
INFO: Run WriteHtmlCache Behavior [ RunTime:0.001009s ]
INFO: Run ShowRuntime Behavior [ RunTime:0.001437s ]
INFO: [ view_filter ] --END-- [ RunTime:0.005001s ]
INFO: [ view_end ] --START--
INFO: Run ShowPageTrace Behavior [ RunTime:0.001644s ]
INFO: [ view_end ] --END-- [ RunTime:0.001758s ]

[ 2015-07-07T11:12:26+08:00 ] ERR: (ThinkException) 非法操作:public
[ 2015-07-07T11:12:26+08:00 ] ERR: (ThinkException) 非法操作:public
[ 2015-07-07T11:12:26+08:00 ] ERR: (ThinkException) 非法操作:public
[ 2015-07-07T11:12:26+08:00 ] ERR: (ThinkException) 非法操作:public
[ 2015-07-07T11:12:26+08:00 ] ERR: (ThinkException) 非法操作:public
[ 2015-07-07T11:12:26+08:00 ] ERR: (ThinkException) 无法加载模块:Unit
[ 2015-07-07T11:12:26+08:00 ] ERR: (ThinkException) 无法加载模块:assets
[ 2015-07-07T11:13:47+08:00 ] 127.0.0.1 /seinfo/index.php/Login/login
INFO: [ route_check ] --START--
INFO: Run CheckRoute Behavior [ RunTime:0.002669s ]
INFO: [ route_check ] --END-- [ RunTime:0.002842s ]
INFO: [ app_begin ] --START--
INFO: Run ReadHtmlCache Behavior [ RunTime:0.003291s ]
INFO: [ app_begin ] --END-- [ RunTime:0.003475s ]
INFO: [ view_template ] --START--
INFO: Run LocationTemplate Behavior [ RunTime:0.002282s ]
INFO: [ view_template ] --END-- [ RunTime:0.002418s ]
INFO: [ view_parse ] --START--
NOTIC: [2] include(public/include/navbar.php) [<a href='function.include'>function.include</a>]: failed to open stream: No such file or directory C:\appserv\www\seinfo\Home\Runtime\Cache\f0141568474d93d9ce184ea430bd6b17.php 第 48 行.
NOTIC: [2] include() [<a href='function.include'>function.include</a>]: Failed opening 'public/include/navbar.php' for inclusion (include_path='.;C:\php5\pear;C:\appserv\www\seinfo\ThinkPHP/Extend/Vendor/') C:\appserv\www\seinfo\Home\Runtime\Cache\f0141568474d93d9ce184ea430bd6b17.php 第 48 行.
NOTIC: [8] Undefined variable: u C:\appserv\www\seinfo\Home\Runtime\Cache\f0141568474d93d9ce184ea430bd6b17.php 第 57 行.
NOTIC: [8] Undefined variable: p C:\appserv\www\seinfo\Home\Runtime\Cache\f0141568474d93d9ce184ea430bd6b17.php 第 59 行.
INFO: Run ParseTemplate Behavior [ RunTime:0.020320s ]
INFO: [ view_parse ] --END-- [ RunTime:0.020458s ]
INFO: [ view_filter ] --START--
INFO: Run ContentReplace Behavior [ RunTime:0.001130s ]
INFO: Run TokenBuild Behavior [ RunTime:0.001199s ]
INFO: Run WriteHtmlCache Behavior [ RunTime:0.001009s ]
INFO: Run ShowRuntime Behavior [ RunTime:0.001387s ]
INFO: [ view_filter ] --END-- [ RunTime:0.004964s ]
INFO: [ view_end ] --START--
INFO: Run ShowPageTrace Behavior [ RunTime:0.002318s ]
INFO: [ view_end ] --END-- [ RunTime:0.002425s ]

[ 2015-07-07T11:13:47+08:00 ] ERR: (ThinkException) 非法操作:public
[ 2015-07-07T11:13:47+08:00 ] ERR: (ThinkException) 非法操作:public
[ 2015-07-07T11:13:47+08:00 ] ERR: (ThinkException) 非法操作:public
[ 2015-07-07T11:13:47+08:00 ] ERR: (ThinkException) 无法加载模块:Unit
[ 2015-07-07T11:13:47+08:00 ] ERR: (ThinkException) 非法操作:public
[ 2015-07-07T11:13:47+08:00 ] ERR: (ThinkException) 非法操作:public
[ 2015-07-07T11:13:47+08:00 ] ERR: (ThinkException) 无法加载模块:Unit
[ 2015-07-07T11:13:47+08:00 ] ERR: (ThinkException) 无法加载模块:assets
[ 2015-07-07T11:13:48+08:00 ] 127.0.0.1 /seinfo/index.php/Login/login
INFO: [ route_check ] --START--
INFO: Run CheckRoute Behavior [ RunTime:0.002781s ]
INFO: [ route_check ] --END-- [ RunTime:0.002983s ]
INFO: [ app_begin ] --START--
INFO: Run ReadHtmlCache Behavior [ RunTime:0.001015s ]
INFO: [ app_begin ] --END-- [ RunTime:0.001111s ]
INFO: [ view_template ] --START--
INFO: Run LocationTemplate Behavior [ RunTime:0.002218s ]
INFO: [ view_template ] --END-- [ RunTime:0.002316s ]
INFO: [ view_parse ] --START--
NOTIC: [2] include(public/include/navbar.php) [<a href='function.include'>function.include</a>]: failed to open stream: No such file or directory C:\appserv\www\seinfo\Home\Runtime\Cache\f0141568474d93d9ce184ea430bd6b17.php 第 48 行.
NOTIC: [2] include() [<a href='function.include'>function.include</a>]: Failed opening 'public/include/navbar.php' for inclusion (include_path='.;C:\php5\pear;C:\appserv\www\seinfo\ThinkPHP/Extend/Vendor/') C:\appserv\www\seinfo\Home\Runtime\Cache\f0141568474d93d9ce184ea430bd6b17.php 第 48 行.
NOTIC: [8] Undefined variable: u C:\appserv\www\seinfo\Home\Runtime\Cache\f0141568474d93d9ce184ea430bd6b17.php 第 57 行.
NOTIC: [8] Undefined variable: p C:\appserv\www\seinfo\Home\Runtime\Cache\f0141568474d93d9ce184ea430bd6b17.php 第 59 行.
INFO: Run ParseTemplate Behavior [ RunTime:0.013495s ]
INFO: [ view_parse ] --END-- [ RunTime:0.013583s ]
INFO: [ view_filter ] --START--
INFO: Run ContentReplace Behavior [ RunTime:0.001198s ]
INFO: Run TokenBuild Behavior [ RunTime:0.001088s ]
INFO: Run WriteHtmlCache Behavior [ RunTime:0.000970s ]
INFO: Run ShowRuntime Behavior [ RunTime:0.001155s ]
INFO: [ view_filter ] --END-- [ RunTime:0.004586s ]
INFO: [ view_end ] --START--
INFO: Run ShowPageTrace Behavior [ RunTime:0.001296s ]
INFO: [ view_end ] --END-- [ RunTime:0.001356s ]

[ 2015-07-07T11:13:48+08:00 ] ERR: (ThinkException) 非法操作:public
[ 2015-07-07T11:13:48+08:00 ] ERR: (ThinkException) 非法操作:public
[ 2015-07-07T11:13:48+08:00 ] ERR: (ThinkException) 无法加载模块:Unit
[ 2015-07-07T11:13:48+08:00 ] ERR: (ThinkException) 非法操作:public
[ 2015-07-07T11:13:48+08:00 ] ERR: (ThinkException) 非法操作:public
[ 2015-07-07T11:13:48+08:00 ] ERR: (ThinkException) 非法操作:public
[ 2015-07-07T11:13:48+08:00 ] ERR: (ThinkException) 无法加载模块:Unit
[ 2015-07-07T11:13:48+08:00 ] ERR: (ThinkException) 无法加载模块:assets
[ 2015-07-07T11:14:32+08:00 ] 127.0.0.1 /seinfo/index.php/Login/login
INFO: [ route_check ] --START--
INFO: Run CheckRoute Behavior [ RunTime:0.001997s ]
INFO: [ route_check ] --END-- [ RunTime:0.002114s ]
INFO: [ app_begin ] --START--
INFO: Run ReadHtmlCache Behavior [ RunTime:0.001156s ]
INFO: [ app_begin ] --END-- [ RunTime:0.001243s ]
INFO: [ view_template ] --START--
INFO: Run LocationTemplate Behavior [ RunTime:0.002801s ]
INFO: [ view_template ] --END-- [ RunTime:0.002932s ]
INFO: [ view_parse ] --START--
NOTIC: [2] include(public/include/navbar.php) [<a href='function.include'>function.include</a>]: failed to open stream: No such file or directory C:\appserv\www\seinfo\Home\Runtime\Cache\f0141568474d93d9ce184ea430bd6b17.php 第 48 行.
NOTIC: [2] include() [<a href='function.include'>function.include</a>]: Failed opening 'public/include/navbar.php' for inclusion (include_path='.;C:\php5\pear;C:\appserv\www\seinfo\ThinkPHP/Extend/Vendor/') C:\appserv\www\seinfo\Home\Runtime\Cache\f0141568474d93d9ce184ea430bd6b17.php 第 48 行.
NOTIC: [8] Undefined variable: u C:\appserv\www\seinfo\Home\Runtime\Cache\f0141568474d93d9ce184ea430bd6b17.php 第 57 行.
NOTIC: [8] Undefined variable: p C:\appserv\www\seinfo\Home\Runtime\Cache\f0141568474d93d9ce184ea430bd6b17.php 第 59 行.
INFO: Run ParseTemplate Behavior [ RunTime:0.019209s ]
INFO: [ view_parse ] --END-- [ RunTime:0.019291s ]
INFO: [ view_filter ] --START--
INFO: Run ContentReplace Behavior [ RunTime:0.001141s ]
INFO: Run TokenBuild Behavior [ RunTime:0.001048s ]
INFO: Run WriteHtmlCache Behavior [ RunTime:0.000966s ]
INFO: Run ShowRuntime Behavior [ RunTime:0.001102s ]
INFO: [ view_filter ] --END-- [ RunTime:0.004419s ]
INFO: [ view_end ] --START--
INFO: Run ShowPageTrace Behavior [ RunTime:0.001231s ]
INFO: [ view_end ] --END-- [ RunTime:0.001291s ]

[ 2015-07-07T11:14:32+08:00 ] ERR: (ThinkException) 非法操作:public
[ 2015-07-07T11:14:32+08:00 ] ERR: (ThinkException) 非法操作:public
[ 2015-07-07T11:14:32+08:00 ] ERR: (ThinkException) 非法操作:public
[ 2015-07-07T11:14:32+08:00 ] ERR: (ThinkException) 非法操作:public
[ 2015-07-07T11:14:32+08:00 ] ERR: (ThinkException) 非法操作:public
[ 2015-07-07T11:14:32+08:00 ] ERR: (ThinkException) 无法加载模块:Unit
[ 2015-07-07T11:14:32+08:00 ] ERR: (ThinkException) 无法加载模块:assets
[ 2015-07-07T11:17:34+08:00 ] 127.0.0.1 /seinfo/index.php/Login/login
INFO: [ route_check ] --START--
INFO: Run CheckRoute Behavior [ RunTime:0.004808s ]
INFO: [ route_check ] --END-- [ RunTime:0.005036s ]
INFO: [ app_begin ] --START--
INFO: Run ReadHtmlCache Behavior [ RunTime:0.002384s ]
INFO: [ app_begin ] --END-- [ RunTime:0.002559s ]
INFO: [ view_template ] --START--
INFO: Run LocationTemplate Behavior [ RunTime:0.005062s ]
INFO: [ view_template ] --END-- [ RunTime:0.005338s ]
INFO: [ view_parse ] --START--
NOTIC: [8] Undefined variable: u C:\appserv\www\seinfo\Home\Runtime\Cache\f0141568474d93d9ce184ea430bd6b17.php 第 57 行.
NOTIC: [8] Undefined variable: p C:\appserv\www\seinfo\Home\Runtime\Cache\f0141568474d93d9ce184ea430bd6b17.php 第 59 行.
INFO: Run ParseTemplate Behavior [ RunTime:0.029802s ]
INFO: [ view_parse ] --END-- [ RunTime:0.029946s ]
INFO: [ view_filter ] --START--
INFO: Run ContentReplace Behavior [ RunTime:0.002520s ]
INFO: Run TokenBuild Behavior [ RunTime:0.001781s ]
INFO: Run WriteHtmlCache Behavior [ RunTime:0.001781s ]
INFO: Run ShowRuntime Behavior [ RunTime:0.002091s ]
INFO: [ view_filter ] --END-- [ RunTime:0.008491s ]
INFO: [ view_end ] --START--
INFO: Run ShowPageTrace Behavior [ RunTime:0.002086s ]
INFO: [ view_end ] --END-- [ RunTime:0.002184s ]

[ 2015-07-07T11:17:34+08:00 ] ERR: (ThinkException) 非法操作:public
[ 2015-07-07T11:17:34+08:00 ] ERR: (ThinkException) 非法操作:public
[ 2015-07-07T11:17:34+08:00 ] ERR: (ThinkException) 非法操作:public
[ 2015-07-07T11:17:34+08:00 ] ERR: (ThinkException) 非法操作:public
[ 2015-07-07T11:17:34+08:00 ] ERR: (ThinkException) 非法操作:public
[ 2015-07-07T11:17:34+08:00 ] ERR: (ThinkException) 无法加载模块:Unit
[ 2015-07-07T11:17:34+08:00 ] ERR: (ThinkException) 无法加载模块:assets
[ 2015-07-07T11:17:37+08:00 ] 127.0.0.1 /seinfo/index.php/Login/login
INFO: [ route_check ] --START--
INFO: Run CheckRoute Behavior [ RunTime:0.003859s ]
INFO: [ route_check ] --END-- [ RunTime:0.004057s ]
INFO: [ app_begin ] --START--
INFO: Run ReadHtmlCache Behavior [ RunTime:0.000896s ]
INFO: [ app_begin ] --END-- [ RunTime:0.001034s ]
INFO: [ view_template ] --START--
INFO: Run LocationTemplate Behavior [ RunTime:0.001673s ]
INFO: [ view_template ] --END-- [ RunTime:0.001747s ]
INFO: [ view_parse ] --START--
NOTIC: [8] Undefined variable: u C:\appserv\www\seinfo\Home\Runtime\Cache\f0141568474d93d9ce184ea430bd6b17.php 第 57 行.
NOTIC: [8] Undefined variable: p C:\appserv\www\seinfo\Home\Runtime\Cache\f0141568474d93d9ce184ea430bd6b17.php 第 59 行.
INFO: Run ParseTemplate Behavior [ RunTime:0.013687s ]
INFO: [ view_parse ] --END-- [ RunTime:0.013761s ]
INFO: [ view_filter ] --START--
INFO: Run ContentReplace Behavior [ RunTime:0.000791s ]
INFO: Run TokenBuild Behavior [ RunTime:0.001139s ]
INFO: Run WriteHtmlCache Behavior [ RunTime:0.000969s ]
INFO: Run ShowRuntime Behavior [ RunTime:0.001145s ]
INFO: [ view_filter ] --END-- [ RunTime:0.004208s ]
INFO: [ view_end ] --START--
INFO: Run ShowPageTrace Behavior [ RunTime:0.001004s ]
INFO: [ view_end ] --END-- [ RunTime:0.001073s ]

[ 2015-07-07T11:17:37+08:00 ] ERR: (ThinkException) 非法操作:public
[ 2015-07-07T11:17:37+08:00 ] ERR: (ThinkException) 非法操作:public
[ 2015-07-07T11:17:37+08:00 ] ERR: (ThinkException) 无法加载模块:Unit
[ 2015-07-07T11:17:37+08:00 ] ERR: (ThinkException) 非法操作:public
[ 2015-07-07T11:17:37+08:00 ] ERR: (ThinkException) 非法操作:public
[ 2015-07-07T11:17:37+08:00 ] ERR: (ThinkException) 非法操作:public
[ 2015-07-07T11:17:37+08:00 ] ERR: (ThinkException) 无法加载模块:Unit
[ 2015-07-07T11:17:37+08:00 ] ERR: (ThinkException) 无法加载模块:assets
[ 2015-07-07T11:17:57+08:00 ] 127.0.0.1 /seinfo/index.php/Login/login
INFO: [ route_check ] --START--
INFO: Run CheckRoute Behavior [ RunTime:0.004265s ]
INFO: [ route_check ] --END-- [ RunTime:0.004540s ]
INFO: [ app_begin ] --START--
INFO: Run ReadHtmlCache Behavior [ RunTime:0.001766s ]
INFO: [ app_begin ] --END-- [ RunTime:0.001981s ]
INFO: [ view_template ] --START--
INFO: Run LocationTemplate Behavior [ RunTime:0.003252s ]
INFO: [ view_template ] --END-- [ RunTime:0.003371s ]
INFO: [ view_parse ] --START--
NOTIC: [8] Undefined variable: u C:\appserv\www\seinfo\Home\Runtime\Cache\f0141568474d93d9ce184ea430bd6b17.php 第 57 行.
NOTIC: [8] Undefined variable: p C:\appserv\www\seinfo\Home\Runtime\Cache\f0141568474d93d9ce184ea430bd6b17.php 第 59 行.
INFO: Run ParseTemplate Behavior [ RunTime:0.019083s ]
INFO: [ view_parse ] --END-- [ RunTime:0.019187s ]
INFO: [ view_filter ] --START--
INFO: Run ContentReplace Behavior [ RunTime:0.001638s ]
INFO: Run TokenBuild Behavior [ RunTime:0.001567s ]
INFO: Run WriteHtmlCache Behavior [ RunTime:0.001403s ]
INFO: Run ShowRuntime Behavior [ RunTime:0.001554s ]
INFO: [ view_filter ] --END-- [ RunTime:0.006400s ]
INFO: [ view_end ] --START--
INFO: Run ShowPageTrace Behavior [ RunTime:0.001251s ]
INFO: [ view_end ] --END-- [ RunTime:0.001310s ]

[ 2015-07-07T11:17:57+08:00 ] ERR: (ThinkException) 非法操作:public
[ 2015-07-07T11:17:57+08:00 ] ERR: (ThinkException) 非法操作:public
[ 2015-07-07T11:17:57+08:00 ] ERR: (ThinkException) 非法操作:public
[ 2015-07-07T11:17:57+08:00 ] ERR: (ThinkException) 非法操作:public
[ 2015-07-07T11:17:57+08:00 ] ERR: (ThinkException) 非法操作:public
[ 2015-07-07T11:17:57+08:00 ] ERR: (ThinkException) 无法加载模块:Unit
[ 2015-07-07T11:17:57+08:00 ] ERR: (ThinkException) 无法加载模块:assets
[ 2015-07-07T12:02:14+08:00 ] ERR: (ThinkException) 非法操作:lib
[ 2015-07-07T12:02:14+08:00 ] ERR: (ThinkException) 非法操作:lib
[ 2015-07-07T12:02:14+08:00 ] ERR: (ThinkException) 非法操作:lib
[ 2015-07-07T12:02:15+08:00 ] ERR: (ThinkException) 非法操作:lib
[ 2015-07-07T12:02:15+08:00 ] ERR: (ThinkException) 非法操作:lib
[ 2015-07-07T12:02:15+08:00 ] ERR: (ThinkException) 非法操作:lib
[ 2015-07-07T12:02:53+08:00 ] ERR: (ThinkException) 非法操作:lib
[ 2015-07-07T12:02:53+08:00 ] ERR: (ThinkException) 非法操作:lib
[ 2015-07-07T12:02:53+08:00 ] ERR: (ThinkException) 非法操作:lib
[ 2015-07-07T12:02:53+08:00 ] ERR: (ThinkException) 非法操作:lib
[ 2015-07-07T12:02:53+08:00 ] ERR: (ThinkException) 非法操作:lib
[ 2015-07-07T12:02:53+08:00 ] ERR: (ThinkException) 非法操作:lib
[ 2015-07-07T12:04:04+08:00 ] ERR: (ThinkException) 非法操作:lib
[ 2015-07-07T12:04:04+08:00 ] ERR: (ThinkException) 非法操作:lib
[ 2015-07-07T12:04:04+08:00 ] ERR: (ThinkException) 非法操作:lib
[ 2015-07-07T12:04:04+08:00 ] ERR: (ThinkException) 非法操作:lib
[ 2015-07-07T12:04:04+08:00 ] ERR: (ThinkException) 非法操作:lib
[ 2015-07-07T12:04:04+08:00 ] ERR: (ThinkException) 非法操作:lib
[ 2015-07-07T12:06:02+08:00 ] ERR: (ThinkException) 非法操作:lib
[ 2015-07-07T12:06:02+08:00 ] ERR: (ThinkException) 非法操作:lib
[ 2015-07-07T12:06:02+08:00 ] ERR: (ThinkException) 非法操作:lib
[ 2015-07-07T12:06:02+08:00 ] ERR: (ThinkException) 非法操作:lib
[ 2015-07-07T12:06:02+08:00 ] ERR: (ThinkException) 非法操作:lib
[ 2015-07-07T12:06:02+08:00 ] ERR: (ThinkException) 非法操作:lib
[ 2015-07-07T12:06:02+08:00 ] ERR: (ThinkException) 非法操作:lib
[ 2015-07-07T12:06:02+08:00 ] ERR: (ThinkException) 非法操作:lib
[ 2015-07-07T12:06:03+08:00 ] ERR: (ThinkException) 非法操作:lib
[ 2015-07-07T12:06:03+08:00 ] ERR: (ThinkException) 非法操作:lib
[ 2015-07-07T12:06:03+08:00 ] ERR: (ThinkException) 非法操作:lib
[ 2015-07-07T12:06:03+08:00 ] ERR: (ThinkException) 非法操作:lib
[ 2015-07-07T12:08:43+08:00 ] ERR: (ThinkException) 非法操作:lib
[ 2015-07-07T12:08:43+08:00 ] ERR: (ThinkException) 非法操作:lib
[ 2015-07-07T12:08:43+08:00 ] ERR: (ThinkException) 非法操作:lib
[ 2015-07-07T12:08:43+08:00 ] ERR: (ThinkException) 非法操作:lib
[ 2015-07-07T12:08:43+08:00 ] ERR: (ThinkException) 非法操作:lib
[ 2015-07-07T12:08:43+08:00 ] ERR: (ThinkException) 非法操作:lib
[ 2015-07-07T12:08:47+08:00 ] ERR: (ThinkException) 非法操作:lib
[ 2015-07-07T12:08:47+08:00 ] ERR: (ThinkException) 非法操作:lib
[ 2015-07-07T12:08:47+08:00 ] ERR: (ThinkException) 非法操作:lib
[ 2015-07-07T12:08:47+08:00 ] ERR: (ThinkException) 非法操作:lib
[ 2015-07-07T12:08:47+08:00 ] ERR: (ThinkException) 非法操作:lib
[ 2015-07-07T12:08:47+08:00 ] ERR: (ThinkException) 非法操作:lib
[ 2015-07-07T12:09:55+08:00 ] ERR: (ThinkException) 无法加载模块:lib
[ 2015-07-07T12:09:55+08:00 ] ERR: (ThinkException) 无法加载模块:lib
[ 2015-07-07T12:09:55+08:00 ] ERR: (ThinkException) 无法加载模块:lib
[ 2015-07-07T12:09:55+08:00 ] ERR: (ThinkException) 无法加载模块:lib
[ 2015-07-07T12:09:55+08:00 ] ERR: (ThinkException) 无法加载模块:lib
[ 2015-07-07T12:09:55+08:00 ] ERR: (ThinkException) 无法加载模块:lib
[ 2015-07-07T12:09:56+08:00 ] ERR: (ThinkException) 无法加载模块:lib
[ 2015-07-07T12:09:56+08:00 ] ERR: (ThinkException) 无法加载模块:lib
[ 2015-07-07T12:09:56+08:00 ] ERR: (ThinkException) 无法加载模块:lib
[ 2015-07-07T12:09:56+08:00 ] ERR: (ThinkException) 无法加载模块:lib
[ 2015-07-07T12:09:56+08:00 ] ERR: (ThinkException) 无法加载模块:lib
[ 2015-07-07T12:09:56+08:00 ] ERR: (ThinkException) 无法加载模块:lib
[ 2015-07-07T12:10:09+08:00 ] ERR: (ThinkException) 无法加载模块:lib
[ 2015-07-07T12:10:09+08:00 ] ERR: (ThinkException) 无法加载模块:lib
[ 2015-07-07T12:11:37+08:00 ] ERR: (ThinkException) 无法加载模块:lib
[ 2015-07-07T12:11:37+08:00 ] ERR: (ThinkException) 无法加载模块:lib
[ 2015-07-07T12:11:37+08:00 ] ERR: (ThinkException) 无法加载模块:lib
[ 2015-07-07T12:11:37+08:00 ] ERR: (ThinkException) 无法加载模块:lib
[ 2015-07-07T12:11:37+08:00 ] ERR: (ThinkException) 无法加载模块:lib
[ 2015-07-07T12:11:37+08:00 ] ERR: (ThinkException) 无法加载模块:lib
[ 2015-07-07T12:11:50+08:00 ] ERR: (ThinkException) 无法加载模块:lib
[ 2015-07-07T12:11:50+08:00 ] ERR: (ThinkException) 无法加载模块:lib
[ 2015-07-07T12:11:50+08:00 ] ERR: (ThinkException) 无法加载模块:lib
[ 2015-07-07T12:11:50+08:00 ] ERR: (ThinkException) 无法加载模块:lib
[ 2015-07-07T12:11:50+08:00 ] ERR: (ThinkException) 无法加载模块:lib
[ 2015-07-07T12:11:50+08:00 ] ERR: (ThinkException) 无法加载模块:lib
[ 2015-07-07T12:11:54+08:00 ] ERR: (ThinkException) 无法加载模块:lib
[ 2015-07-07T12:11:54+08:00 ] ERR: (ThinkException) 无法加载模块:lib
[ 2015-07-07T12:11:54+08:00 ] ERR: (ThinkException) 无法加载模块:lib
[ 2015-07-07T12:11:54+08:00 ] ERR: (ThinkException) 无法加载模块:lib
[ 2015-07-07T12:11:54+08:00 ] ERR: (ThinkException) 无法加载模块:lib
[ 2015-07-07T12:11:54+08:00 ] ERR: (ThinkException) 无法加载模块:lib
[ 2015-07-07T12:11:55+08:00 ] ERR: (ThinkException) 无法加载模块:lib
[ 2015-07-07T12:11:55+08:00 ] ERR: (ThinkException) 无法加载模块:lib
[ 2015-07-07T12:11:55+08:00 ] ERR: (ThinkException) 无法加载模块:lib
[ 2015-07-07T12:11:55+08:00 ] ERR: (ThinkException) 无法加载模块:lib
[ 2015-07-07T12:11:55+08:00 ] ERR: (ThinkException) 无法加载模块:lib
[ 2015-07-07T12:11:55+08:00 ] ERR: (ThinkException) 无法加载模块:lib
[ 2015-07-07T12:12:27+08:00 ] ERR: (ThinkException) 无法加载模块:lib
[ 2015-07-07T12:12:27+08:00 ] ERR: (ThinkException) 无法加载模块:lib
[ 2015-07-07T12:12:27+08:00 ] ERR: (ThinkException) 无法加载模块:lib
[ 2015-07-07T12:12:27+08:00 ] ERR: (ThinkException) 无法加载模块:lib
[ 2015-07-07T12:12:27+08:00 ] ERR: (ThinkException) 无法加载模块:lib
[ 2015-07-07T12:12:27+08:00 ] ERR: (ThinkException) 无法加载模块:lib
[ 2015-07-07T12:13:43+08:00 ] ERR: (ThinkException) 无法加载模块:lib
[ 2015-07-07T12:13:43+08:00 ] ERR: (ThinkException) 无法加载模块:lib
[ 2015-07-07T12:13:43+08:00 ] ERR: (ThinkException) 无法加载模块:lib
[ 2015-07-07T12:13:43+08:00 ] ERR: (ThinkException) 无法加载模块:lib
[ 2015-07-07T12:13:43+08:00 ] ERR: (ThinkException) 无法加载模块:lib
[ 2015-07-07T12:13:43+08:00 ] ERR: (ThinkException) 无法加载模块:lib
[ 2015-07-07T13:12:42+08:00 ] ERR: (ThinkException) 无法加载模块:img
[ 2015-07-07T13:13:23+08:00 ] ERR: (ThinkException) 无法加载模块:img
[ 2015-07-07T13:13:37+08:00 ] ERR: (ThinkException) 无法加载模块:img
[ 2015-07-07T13:13:38+08:00 ] ERR: (ThinkException) 无法加载模块:img
[ 2015-07-07T13:13:53+08:00 ] ERR: (ThinkException) 无法加载模块:img
[ 2015-07-07T13:13:54+08:00 ] ERR: (ThinkException) 无法加载模块:img
[ 2015-07-07T13:14:53+08:00 ] ERR: (ThinkException) 无法加载模块:img
[ 2015-07-07T13:15:18+08:00 ] ERR: (ThinkException) 无法加载模块:img
[ 2015-07-07T13:15:19+08:00 ] ERR: (ThinkException) 无法加载模块:img
[ 2015-07-07T13:15:42+08:00 ] ERR: (ThinkException) 无法加载模块:img
[ 2015-07-07T13:16:02+08:00 ] ERR: (ThinkException) 无法加载模块:img
[ 2015-07-07T13:36:41+08:00 ] ERR: (ThinkException) 模板不存在[./Home/Tpl/Login/Login.html]
[ 2015-07-07T13:37:19+08:00 ] ERR: (ThinkException) 模板不存在[./Home/Tpl/Login/Login.html]
[ 2015-07-07T13:37:25+08:00 ] ERR: (ThinkException) 模板不存在[./Home/Tpl/Login/Login.html]
[ 2015-07-07T13:37:40+08:00 ] ERR: (ThinkException) 模板不存在[./Home/Tpl/Login/Login.html]
[ 2015-07-07T13:38:57+08:00 ] ERR: (ThinkException) 模板不存在[./Home/Tpl/Login/Login.html]
[ 2015-07-07T13:39:41+08:00 ] ERR: (ThinkException) 模板不存在[./Home/Tpl/Login/Login.html]
[ 2015-07-07T13:45:56+08:00 ] ERR: (ThinkException) 非法操作:1133
[ 2015-07-07T13:47:17+08:00 ] ERR: (ThinkException) 非法操作:admin
[ 2015-07-07T13:51:12+08:00 ] ERR: (ThinkException) 非法操作:1133710119
[ 2015-07-07T13:51:19+08:00 ] ERR: (ThinkException) 非法操作:1133710119
[ 2015-07-07T13:51:41+08:00 ] ERR: (ThinkException) 非法操作:index.php
[ 2015-07-07T13:53:48+08:00 ] ERR: (ThinkException) 非法操作:logout
[ 2015-07-07T14:06:25+08:00 ] ERR: (ThinkException) 非法操作:life
[ 2015-07-07T14:10:20+08:00 ] ERR: (ThinkException) 模板不存在[./Home/Tpl/Index/file.html]
[ 2015-07-07T14:28:39+08:00 ] ERR: (ThinkException) 模板不存在[./Home/Tpl/Index/file.html]
[ 2015-07-07T15:11:13+08:00 ] ERR: (ThinkException) 模板不存在[./Home/Tpl/Index/info.html]
[ 2015-07-07T15:38:23+08:00 ] ERR: (ThinkException) 模板不存在[./Home/Tpl/Person/info.html]
[ 2015-07-07T23:08:52+08:00 ] ERR: (ThinkException) 非法操作:users
